1995.202740
   Z       E         F
   1  1.000E-02  9.626E+01
   1  1.150E-02  1.101E+02
   1  1.322E-02  1.257E+02
   1  1.520E-02  1.435E+02
   1  1.748E-02  1.636E+02
   1  2.009E-02  1.862E+02
   1  2.310E-02  2.118E+02
   1  2.656E-02  2.404E+02
   1  3.054E-02  2.724E+02
   1  3.511E-02  3.080E+02
   1  4.037E-02  3.474E+02
   1  4.642E-02  3.909E+02
   1  5.337E-02  4.384E+02
   1  6.136E-02  4.900E+02
   1  7.055E-02  5.455E+02
   1  8.111E-02  6.046E+02
   1  9.326E-02  6.669E+02
   1  1.072E-01  7.315E+02
   1  1.233E-01  7.978E+02
   1  1.417E-01  8.637E+02
   1  1.630E-01  9.286E+02
   1  1.874E-01  9.898E+02
   1  2.154E-01  1.046E+03
   1  2.477E-01  1.094E+03
   1  2.848E-01  1.132E+03
   1  3.275E-01  1.158E+03
   1  3.765E-01  1.171E+03
   1  4.329E-01  1.168E+03
   1  4.977E-01  1.150E+03
   1  5.722E-01  1.115E+03
   1  6.579E-01  1.065E+03
   1  7.565E-01  1.002E+03
   1  8.697E-01  9.277E+02
   1  1.000E+00  8.449E+02
   1  1.150E+00  7.568E+02
   1  1.322E+00  6.669E+02
   1  1.520E+00  5.779E+02
   1  1.748E+00  4.926E+02
   1  2.009E+00  4.134E+02
   1  2.310E+00  3.413E+02
   1  2.656E+00  2.776E+02
   1  3.054E+00  2.224E+02
   1  3.511E+00  1.758E+02
   1  4.037E+00  1.370E+02
   1  4.642E+00  1.055E+02
   1  5.337E+00  8.026E+01
   1  6.136E+00  6.041E+01
   1  7.055E+00  4.500E+01
   1  8.111E+00  3.322E+01
   1  9.326E+00  2.431E+01
   1  1.072E+01  1.766E+01
   1  1.233E+01  1.273E+01
   1  1.417E+01  9.127E+00
   1  1.630E+01  6.495E+00
   1  1.874E+01  4.604E+00
   1  2.154E+01  3.251E+00
   1  2.477E+01  2.283E+00
   1  2.848E+01  1.599E+00
   1  3.275E+01  1.115E+00
   1  3.765E+01  7.765E-01
   1  4.329E+01  5.391E-01
   1  4.977E+01  3.735E-01
   1  5.722E+01  2.583E-01
   1  6.579E+01  1.783E-01
   1  7.565E+01  1.228E-01
   1  8.697E+01  8.457E-02
   1  1.000E+02  5.814E-02
   1  1.150E+02  3.991E-02
   1  1.322E+02  2.740E-02
   1  1.520E+02  1.879E-02
   1  1.748E+02  1.287E-02
   1  2.009E+02  8.824E-03
   1  2.310E+02  6.039E-03
   1  2.656E+02  4.132E-03
   1  3.054E+02  2.826E-03
   1  3.511E+02  1.933E-03
   1  4.037E+02  1.321E-03
   1  4.642E+02  9.026E-04
   1  5.337E+02  6.167E-04
   1  6.136E+02  4.213E-04
   1  7.055E+02  2.878E-04
   1  8.111E+02  1.966E-04
   1  9.326E+02  1.342E-04
   1  1.072E+03  9.169E-05
   1  1.233E+03  6.253E-05
   1  1.417E+03  4.274E-05
   1  1.630E+03  2.913E-05
   1  1.874E+03  1.989E-05
   1  2.154E+03  1.358E-05
   1  2.477E+03  9.266E-06
   1  2.848E+03  6.323E-06
   1  3.275E+03  4.313E-06
   1  3.765E+03  2.944E-06
   1  4.329E+03  2.009E-06
   1  4.977E+03  1.371E-06
   1  5.722E+03  9.356E-07
   1  6.579E+03  6.384E-07
   1  7.565E+03  4.354E-07
   1  8.697E+03  2.972E-07
   1  1.000E+04  2.027E-07
   2  4.000E-02  5.874E+00
   2  4.600E-02  6.692E+00
   2  5.288E-02  7.611E+00
   2  6.080E-02  8.644E+00
   2  6.992E-02  9.802E+00
   2  8.036E-02  1.109E+01
   2  9.240E-02  1.252E+01
   2  1.062E-01  1.409E+01
   2  1.222E-01  1.582E+01
   2  1.404E-01  1.770E+01
   2  1.615E-01  1.974E+01
   2  1.857E-01  2.192E+01
   2  2.135E-01  2.422E+01
   2  2.454E-01  2.663E+01
   2  2.822E-01  2.911E+01
   2  3.244E-01  3.162E+01
   2  3.730E-01  3.411E+01
   2  4.288E-01  3.651E+01
   2  4.932E-01  3.876E+01
   2  5.668E-01  4.077E+01
   2  6.520E-01  4.248E+01
   2  7.496E-01  4.379E+01
   2  8.616E-01  4.464E+01
   2  9.908E-01  4.497E+01
   2  1.139E+00  4.473E+01
   2  1.310E+00  4.391E+01
   2  1.506E+00  4.252E+01
   2  1.732E+00  4.059E+01
   2  1.991E+00  3.818E+01
   2  2.289E+00  3.537E+01
   2  2.632E+00  3.226E+01
   2  3.026E+00  2.897E+01
   2  3.479E+00  2.561E+01
   2  4.000E+00  2.228E+01
   2  4.600E+00  1.907E+01
   2  5.288E+00  1.608E+01
   2  6.080E+00  1.335E+01
   2  6.992E+00  1.091E+01
   2  8.036E+00  8.796E+00
   2  9.240E+00  6.988E+00
   2  1.062E+01  5.477E+00
   2  1.222E+01  4.238E+00
   2  1.404E+01  3.241E+00
   2  1.615E+01  2.450E+00
   2  1.857E+01  1.832E+00
   2  2.135E+01  1.357E+00
   2  2.454E+01  9.958E-01
   2  2.822E+01  7.248E-01
   2  3.244E+01  5.236E-01
   2  3.730E+01  3.756E-01
   2  4.288E+01  2.680E-01
   2  4.932E+01  1.898E-01
   2  5.668E+01  1.341E-01
   2  6.520E+01  9.405E-02
   2  7.496E+01  6.580E-02
   2  8.616E+01  4.590E-02
   2  9.908E+01  3.188E-02
   2  1.139E+02  2.209E-02
   2  1.310E+02  1.526E-02
   2  1.506E+02  1.053E-02
   2  1.732E+02  7.249E-03
   2  1.991E+02  4.983E-03
   2  2.289E+02  3.420E-03
   2  2.632E+02  2.344E-03
   2  3.026E+02  1.604E-03
   2  3.479E+02  1.098E-03
   2  4.000E+02  7.500E-04
   2  4.600E+02  5.118E-04
   2  5.288E+02  3.495E-04
   2  6.080E+02  2.383E-04
   2  6.992E+02  1.624E-04
   2  8.036E+02  1.108E-04
   2  9.240E+02  7.542E-05
   2  1.062E+03  5.135E-05
   2  1.222E+03  3.495E-05
   2  1.404E+03  2.379E-05
   2  1.615E+03  1.618E-05
   2  1.857E+03  1.101E-05
   2  2.135E+03  7.487E-06
   2  2.454E+03  5.092E-06
   2  2.822E+03  3.462E-06
   2  3.244E+03  2.354E-06
   2  3.730E+03  1.600E-06
   2  4.288E+03  1.089E-06
   2  4.932E+03  7.392E-07
   2  5.668E+03  5.031E-07
   2  6.520E+03  3.415E-07
   2  7.496E+03  2.321E-07
   2  8.616E+03  1.579E-07
   2  9.908E+03  1.072E-07
   2  1.139E+04  7.286E-08
   2  1.310E+04  4.949E-08
   2  1.506E+04  3.364E-08
   2  1.732E+04  2.285E-08
   2  1.991E+04  1.553E-08
   2  2.289E+04  1.055E-08
   2  2.632E+04  7.171E-09
   2  3.026E+04  4.871E-09
   2  3.479E+04  3.310E-09
   2  4.000E+04  2.249E-09
   3  7.000E-02  1.573E-02
   3  8.050E-02  1.790E-02
   3  9.254E-02  2.034E-02
   3  1.064E-01  2.308E-02
   3  1.224E-01  2.614E-02
   3  1.406E-01  2.953E-02
   3  1.617E-01  3.329E-02
   3  1.859E-01  3.743E-02
   3  2.138E-01  4.195E-02
   3  2.458E-01  4.684E-02
   3  2.826E-01  5.211E-02
   3  3.249E-01  5.772E-02
   3  3.736E-01  6.362E-02
   3  4.295E-01  6.974E-02
   3  4.939E-01  7.599E-02
   3  5.678E-01  8.225E-02
   3  6.528E-01  8.839E-02
   3  7.504E-01  9.423E-02
   3  8.631E-01  9.961E-02
   3  9.919E-01  1.043E-01
   3  1.141E+00  1.081E-01
   3  1.312E+00  1.109E-01
   3  1.508E+00  1.124E-01
   3  1.734E+00  1.126E-01
   3  1.994E+00  1.114E-01
   3  2.292E+00  1.087E-01
   3  2.636E+00  1.046E-01
   3  3.030E+00  9.923E-02
   3  3.484E+00  9.273E-02
   3  4.005E+00  8.533E-02
   3  4.605E+00  7.730E-02
   3  5.296E+00  6.892E-02
   3  6.088E+00  6.047E-02
   3  7.000E+00  5.221E-02
   3  8.050E+00  4.435E-02
   3  9.254E+00  3.710E-02
   3  1.064E+01  3.054E-02
   3  1.224E+01  2.476E-02
   3  1.406E+01  1.979E-02
   3  1.617E+01  1.559E-02
   3  1.859E+01  1.211E-02
   3  2.138E+01  9.291E-03
   3  2.458E+01  7.043E-03
   3  2.826E+01  5.277E-03
   3  3.249E+01  3.911E-03
   3  3.736E+01  2.872E-03
   3  4.295E+01  2.090E-03
   3  4.938E+01  1.508E-03
   3  5.678E+01  1.081E-03
   3  6.528E+01  7.688E-04
   3  7.504E+01  5.440E-04
   3  8.631E+01  3.822E-04
   3  9.919E+01  2.678E-04
   3  1.141E+02  1.864E-04
   3  1.312E+02  1.294E-04
   3  1.508E+02  8.955E-05
   3  1.734E+02  6.172E-05
   3  1.994E+02  4.244E-05
   3  2.292E+02  2.911E-05
   3  2.636E+02  1.993E-05
   3  3.030E+02  1.362E-05
   3  3.484E+02  9.294E-06
   3  4.005E+02  6.333E-06
   3  4.605E+02  4.309E-06
   3  5.296E+02  2.928E-06
   3  6.088E+02  1.989E-06
   3  7.000E+02  1.349E-06
   3  8.050E+02  9.142E-07
   3  9.254E+02  6.197E-07
   3  1.064E+03  4.197E-07
   3  1.224E+03  2.839E-07
   3  1.406E+03  1.923E-07
   3  1.617E+03  1.300E-07
   3  1.859E+03  8.791E-08
   3  2.138E+03  5.941E-08
   3  2.458E+03  4.016E-08
   3  2.826E+03  2.713E-08
   3  3.249E+03  1.832E-08
   3  3.736E+03  1.237E-08
   3  4.295E+03  8.357E-09
   3  4.938E+03  5.643E-09
   3  5.678E+03  3.810E-09
   3  6.528E+03  2.572E-09
   3  7.504E+03  1.737E-09
   3  8.631E+03  1.171E-09
   3  9.919E+03  7.917E-10
   3  1.141E+04  5.336E-10
   3  1.312E+04  3.602E-10
   3  1.508E+04  2.433E-10
   3  1.734E+04  1.641E-10
   3  1.994E+04  1.107E-10
   3  2.292E+04  7.468E-11
   3  2.636E+04  5.041E-11
   3  3.030E+04  3.401E-11
   3  3.484E+04  2.295E-11
   3  4.005E+04  1.549E-11
   3  4.605E+04  1.045E-11
   3  5.296E+04  7.049E-12
   3  6.088E+04  4.758E-12
   3  7.000E+04  3.209E-12
   4  9.000E-02  6.312E-03
   4  1.035E-01  7.194E-03
   4  1.190E-01  8.186E-03
   4  1.368E-01  9.304E-03
   4  1.573E-01  1.056E-02
   4  1.808E-01  1.195E-02
   4  2.079E-01  1.350E-02
   4  2.390E-01  1.522E-02
   4  2.749E-01  1.711E-02
   4  3.160E-01  1.917E-02
   4  3.633E-01  2.141E-02
   4  4.178E-01  2.381E-02
   4  4.803E-01  2.637E-02
   4  5.522E-01  2.905E-02
   4  6.350E-01  3.183E-02
   4  7.300E-01  3.466E-02
   4  8.393E-01  3.749E-02
   4  9.648E-01  4.024E-02
   4  1.110E+00  4.286E-02
   4  1.275E+00  4.522E-02
   4  1.467E+00  4.726E-02
   4  1.687E+00  4.887E-02
   4  1.939E+00  4.996E-02
   4  2.229E+00  5.046E-02
   4  2.563E+00  5.031E-02
   4  2.947E+00  4.947E-02
   4  3.389E+00  4.794E-02
   4  3.896E+00  4.576E-02
   4  4.479E+00  4.298E-02
   4  5.150E+00  3.971E-02
   4  5.921E+00  3.607E-02
   4  6.809E+00  3.219E-02
   4  7.827E+00  2.823E-02
   4  9.000E+00  2.431E-02
   4  1.035E+01  2.056E-02
   4  1.190E+01  1.709E-02
   4  1.368E+01  1.395E-02
   4  1.573E+01  1.119E-02
   4  1.808E+01  8.837E-03
   4  2.079E+01  6.862E-03
   4  2.390E+01  5.247E-03
   4  2.749E+01  3.954E-03
   4  3.160E+01  2.940E-03
   4  3.633E+01  2.157E-03
   4  4.178E+01  1.564E-03
   4  4.803E+01  1.122E-03
   4  5.522E+01  7.968E-04
   4  6.349E+01  5.607E-04
   4  7.300E+01  3.913E-04
   4  8.393E+01  2.710E-04
   4  9.648E+01  1.865E-04
   4  1.110E+02  1.274E-04
   4  1.275E+02  8.676E-05
   4  1.467E+02  5.863E-05
   4  1.687E+02  3.952E-05
   4  1.939E+02  2.655E-05
   4  2.229E+02  1.776E-05
   4  2.563E+02  1.185E-05
   4  2.948E+02  7.878E-06
   4  3.389E+02  5.232E-06
   4  3.896E+02  3.466E-06
   4  4.479E+02  2.292E-06
   4  5.150E+02  1.514E-06
   4  5.921E+02  9.983E-07
   4  6.809E+02  6.573E-07
   4  7.827E+02  4.326E-07
   4  9.000E+02  2.844E-07
   4  1.035E+03  1.867E-07
   4  1.190E+03  1.226E-07
   4  1.368E+03  8.042E-08
   4  1.573E+03  5.269E-08
   4  1.808E+03  3.457E-08
   4  2.079E+03  2.264E-08
   4  2.390E+03  1.483E-08
   4  2.749E+03  9.706E-09
   4  3.160E+03  6.354E-09
   4  3.633E+03  4.157E-09
   4  4.178E+03  2.719E-09
   4  4.803E+03  1.779E-09
   4  5.522E+03  1.164E-09
   4  6.350E+03  7.608E-10
   4  7.300E+03  4.976E-10
   4  8.393E+03  3.253E-10
   4  9.648E+03  2.128E-10
   4  1.110E+04  1.390E-10
   4  1.275E+04  9.095E-11
   4  1.467E+04  5.936E-11
   4  1.687E+04  3.880E-11
   4  1.939E+04  2.538E-11
   4  2.229E+04  1.658E-11
   4  2.563E+04  1.083E-11
   4  2.948E+04  7.076E-12
   4  3.388E+04  4.626E-12
   4  3.896E+04  3.022E-12
   4  4.479E+04  1.975E-12
   4  5.150E+04  1.291E-12
   4  5.921E+04  8.435E-13
   4  6.808E+04  5.510E-13
   4  7.827E+04  3.601E-13
   4  9.000E+04  2.353E-13
   5  1.100E-01  1.866E-02
   5  1.265E-01  2.127E-02
   5  1.454E-01  2.419E-02
   5  1.672E-01  2.748E-02
   5  1.923E-01  3.118E-02
   5  2.210E-01  3.527E-02
   5  2.541E-01  3.984E-02
   5  2.922E-01  4.488E-02
   5  3.359E-01  5.041E-02
   5  3.862E-01  5.644E-02
   5  4.441E-01  6.297E-02
   5  5.106E-01  6.998E-02
   5  5.871E-01  7.740E-02
   5  6.750E-01  8.517E-02
   5  7.761E-01  9.320E-02
   5  8.922E-01  1.013E-01
   5  1.026E+00  1.095E-01
   5  1.179E+00  1.173E-01
   5  1.356E+00  1.247E-01
   5  1.559E+00  1.314E-01
   5  1.793E+00  1.370E-01
   5  2.061E+00  1.414E-01
   5  2.369E+00  1.443E-01
   5  2.725E+00  1.455E-01
   5  3.133E+00  1.449E-01
   5  3.602E+00  1.422E-01
   5  4.142E+00  1.377E-01
   5  4.762E+00  1.313E-01
   5  5.475E+00  1.233E-01
   5  6.294E+00  1.139E-01
   5  7.237E+00  1.035E-01
   5  8.322E+00  9.247E-02
   5  9.567E+00  8.124E-02
   5  1.100E+01  7.013E-02
   5  1.265E+01  5.950E-02
   5  1.454E+01  4.964E-02
   5  1.672E+01  4.072E-02
   5  1.923E+01  3.284E-02
   5  2.210E+01  2.609E-02
   5  2.541E+01  2.040E-02
   5  2.922E+01  1.571E-02
   5  3.359E+01  1.194E-02
   5  3.862E+01  8.951E-03
   5  4.441E+01  6.629E-03
   5  5.106E+01  4.852E-03
   5  5.871E+01  3.515E-03
   5  6.750E+01  2.522E-03
   5  7.760E+01  1.794E-03
   5  8.922E+01  1.265E-03
   5  1.026E+02  8.861E-04
   5  1.179E+02  6.169E-04
   5  1.356E+02  4.262E-04
   5  1.559E+02  2.936E-04
   5  1.793E+02  2.008E-04
   5  2.061E+02  1.369E-04
   5  2.369E+02  9.312E-05
   5  2.725E+02  6.303E-05
   5  3.133E+02  4.256E-05
   5  3.602E+02  2.865E-05
   5  4.142E+02  1.926E-05
   5  4.762E+02  1.292E-05
   5  5.475E+02  8.650E-06
   5  6.294E+02  5.783E-06
   5  7.237E+02  3.861E-06
   5  8.322E+02  2.574E-06
   5  9.567E+02  1.715E-06
   5  1.100E+03  1.142E-06
   5  1.265E+03  7.588E-07
   5  1.454E+03  5.046E-07
   5  1.672E+03  3.351E-07
   5  1.923E+03  2.224E-07
   5  2.210E+03  1.477E-07
   5  2.541E+03  9.798E-08
   5  2.922E+03  6.497E-08
   5  3.359E+03  4.306E-08
   5  3.862E+03  2.855E-08
   5  4.441E+03  1.891E-08
   5  5.106E+03  1.253E-08
   5  5.871E+03  8.297E-09
   5  6.750E+03  5.496E-09
   5  7.760E+03  3.639E-09
   5  8.922E+03  2.410E-09
   5  1.026E+04  1.595E-09
   5  1.179E+04  1.057E-09
   5  1.356E+04  6.988E-10
   5  1.559E+04  4.632E-10
   5  1.793E+04  3.061E-10
   5  2.061E+04  2.026E-10
   5  2.369E+04  1.342E-10
   5  2.725E+04  8.878E-11
   5  3.133E+04  5.875E-11
   5  3.602E+04  3.886E-11
   5  4.142E+04  2.572E-11
   5  4.762E+04  1.702E-11
   5  5.475E+04  1.126E-11
   5  6.294E+04  7.454E-12
   5  7.237E+04  4.932E-12
   5  8.322E+04  3.262E-12
   5  9.567E+04  2.159E-12
   5  1.100E+05  1.428E-12
   6  1.200E-01  5.351E-02
   6  1.380E-01  6.097E-02
   6  1.586E-01  6.935E-02
   6  1.824E-01  7.877E-02
   6  2.098E-01  8.934E-02
   6  2.411E-01  1.011E-01
   6  2.772E-01  1.141E-01
   6  3.187E-01  1.285E-01
   6  3.665E-01  1.444E-01
   6  4.213E-01  1.616E-01
   6  4.844E-01  1.802E-01
   6  5.570E-01  2.002E-01
   6  6.404E-01  2.214E-01
   6  7.363E-01  2.435E-01
   6  8.466E-01  2.664E-01
   6  9.733E-01  2.895E-01
   6  1.119E+00  3.126E-01
   6  1.286E+00  3.349E-01
   6  1.480E+00  3.559E-01
   6  1.700E+00  3.747E-01
   6  1.956E+00  3.908E-01
   6  2.249E+00  4.034E-01
   6  2.585E+00  4.117E-01
   6  2.972E+00  4.153E-01
   6  3.418E+00  4.137E-01
   6  3.930E+00  4.067E-01
   6  4.518E+00  3.944E-01
   6  5.195E+00  3.771E-01
   6  5.972E+00  3.552E-01
   6  6.866E+00  3.296E-01
   6  7.895E+00  3.012E-01
   6  9.078E+00  2.709E-01
   6  1.044E+01  2.398E-01
   6  1.200E+01  2.090E-01
   6  1.380E+01  1.792E-01
   6  1.586E+01  1.513E-01
   6  1.824E+01  1.258E-01
   6  2.098E+01  1.030E-01
   6  2.411E+01  8.313E-02
   6  2.772E+01  6.613E-02
   6  3.187E+01  5.191E-02
   6  3.665E+01  4.022E-02
   6  4.213E+01  3.080E-02
   6  4.844E+01  2.331E-02
   6  5.570E+01  1.745E-02
   6  6.404E+01  1.294E-02
   6  7.363E+01  9.512E-03
   6  8.466E+01  6.933E-03
   6  9.733E+01  5.015E-03
   6  1.119E+02  3.602E-03
   6  1.286E+02  2.573E-03
   6  1.480E+02  1.825E-03
   6  1.700E+02  1.291E-03
   6  1.956E+02  9.066E-04
   6  2.249E+02  6.351E-04
   6  2.585E+02  4.437E-04
   6  2.972E+02  3.086E-04
   6  3.418E+02  2.141E-04
   6  3.930E+02  1.481E-04
   6  4.518E+02  1.023E-04
   6  5.195E+02  7.054E-05
   6  5.972E+02  4.856E-05
   6  6.866E+02  3.337E-05
   6  7.895E+02  2.291E-05
   6  9.078E+02  1.570E-05
   6  1.044E+03  1.076E-05
   6  1.200E+03  7.359E-06
   6  1.380E+03  5.029E-06
   6  1.586E+03  3.438E-06
   6  1.824E+03  2.348E-06
   6  2.098E+03  1.602E-06
   6  2.411E+03  1.094E-06
   6  2.772E+03  7.462E-07
   6  3.187E+03  5.088E-07
   6  3.665E+03  3.467E-07
   6  4.213E+03  2.364E-07
   6  4.844E+03  1.610E-07
   6  5.570E+03  1.097E-07
   6  6.404E+03  7.470E-08
   6  7.363E+03  5.087E-08
   6  8.466E+03  3.464E-08
   6  9.733E+03  2.359E-08
   6  1.119E+04  1.606E-08
   6  1.286E+04  1.094E-08
   6  1.480E+04  7.437E-09
   6  1.700E+04  5.068E-09
   6  1.956E+04  3.445E-09
   6  2.249E+04  2.345E-09
   6  2.585E+04  1.597E-09
   6  2.972E+04  1.086E-09
   6  3.418E+04  7.391E-10
   6  3.930E+04  5.027E-10
   6  4.518E+04  3.422E-10
   6  5.195E+04  2.328E-10
   6  5.972E+04  1.584E-10
   6  6.866E+04  1.078E-10
   6  7.895E+04  7.336E-11
   6  9.078E+04  4.990E-11
   6  1.044E+05  3.396E-11
   6  1.200E+05  2.310E-11
   7  1.400E-01  1.191E-02
   7  1.610E-01  1.358E-02
   7  1.851E-01  1.546E-02
   7  2.128E-01  1.757E-02
   7  2.447E-01  1.995E-02
   7  2.813E-01  2.259E-02
   7  3.234E-01  2.554E-02
   7  3.718E-01  2.880E-02
   7  4.276E-01  3.239E-02
   7  4.915E-01  3.632E-02
   7  5.652E-01  4.058E-02
   7  6.499E-01  4.517E-02
   7  7.472E-01  5.006E-02
   7  8.590E-01  5.520E-02
   7  9.877E-01  6.055E-02
   7  1.136E+00  6.602E-02
   7  1.306E+00  7.150E-02
   7  1.501E+00  7.687E-02
   7  1.726E+00  8.200E-02
   7  1.984E+00  8.668E-02
   7  2.282E+00  9.080E-02
   7  2.624E+00  9.411E-02
   7  3.016E+00  9.647E-02
   7  3.468E+00  9.774E-02
   7  3.987E+00  9.779E-02
   7  4.585E+00  9.653E-02
   7  5.271E+00  9.397E-02
   7  6.061E+00  9.015E-02
   7  6.968E+00  8.517E-02
   7  8.011E+00  7.922E-02
   7  9.211E+00  7.249E-02
   7  1.059E+01  6.524E-02
   7  1.218E+01  5.774E-02
   7  1.400E+01  5.024E-02
   7  1.610E+01  4.297E-02
   7  1.851E+01  3.616E-02
   7  2.128E+01  2.991E-02
   7  2.447E+01  2.434E-02
   7  2.813E+01  1.952E-02
   7  3.234E+01  1.540E-02
   7  3.718E+01  1.198E-02
   7  4.276E+01  9.187E-03
   7  4.915E+01  6.958E-03
   7  5.652E+01  5.203E-03
   7  6.499E+01  3.847E-03
   7  7.472E+01  2.815E-03
   7  8.590E+01  2.040E-03
   7  9.877E+01  1.466E-03
   7  1.136E+02  1.044E-03
   7  1.306E+02  7.388E-04
   7  1.501E+02  5.195E-04
   7  1.726E+02  3.626E-04
   7  1.984E+02  2.523E-04
   7  2.282E+02  1.743E-04
   7  2.624E+02  1.201E-04
   7  3.016E+02  8.245E-05
   7  3.468E+02  5.637E-05
   7  3.987E+02  3.844E-05
   7  4.585E+02  2.614E-05
   7  5.271E+02  1.774E-05
   7  6.061E+02  1.202E-05
   7  6.968E+02  8.128E-06
   7  8.011E+02  5.489E-06
   7  9.211E+02  3.700E-06
   7  1.059E+03  2.491E-06
   7  1.218E+03  1.677E-06
   7  1.400E+03  1.127E-06
   7  1.610E+03  7.564E-07
   7  1.851E+03  5.079E-07
   7  2.128E+03  3.407E-07
   7  2.447E+03  2.283E-07
   7  2.813E+03  1.532E-07
   7  3.234E+03  1.026E-07
   7  3.718E+03  6.869E-08
   7  4.276E+03  4.597E-08
   7  4.915E+03  3.078E-08
   7  5.652E+03  2.059E-08
   7  6.499E+03  1.377E-08
   7  7.472E+03  9.212E-09
   7  8.590E+03  6.162E-09
   7  9.877E+03  4.120E-09
   7  1.136E+04  2.755E-09
   7  1.306E+04  1.842E-09
   7  1.501E+04  1.232E-09
   7  1.726E+04  8.227E-10
   7  1.984E+04  5.506E-10
   7  2.282E+04  3.675E-10
   7  2.624E+04  2.457E-10
   7  3.016E+04  1.643E-10
   7  3.468E+04  1.098E-10
   7  3.987E+04  7.334E-11
   7  4.585E+04  4.899E-11
   7  5.271E+04  3.275E-11
   7  6.061E+04  2.188E-11
   7  6.968E+04  1.462E-11
   7  8.011E+04  9.772E-12
   7  9.211E+04  6.529E-12
   7  1.059E+05  4.361E-12
   7  1.218E+05  2.915E-12
   7  1.400E+05  1.947E-12
   8  1.600E-01  3.611E-02
   8  1.840E-01  4.114E-02
   8  2.115E-01  4.680E-02
   8  2.432E-01  5.317E-02
   8  2.797E-01  6.030E-02
   8  3.214E-01  6.823E-02
   8  3.696E-01  7.705E-02
   8  4.250E-01  8.679E-02
   8  4.886E-01  9.749E-02
   8  5.618E-01  1.091E-01
   8  6.459E-01  1.218E-01
   8  7.427E-01  1.353E-01
   8  8.539E-01  1.496E-01
   8  9.818E-01  1.646E-01
   8  1.129E+00  1.802E-01
   8  1.298E+00  1.959E-01
   8  1.492E+00  2.116E-01
   8  1.715E+00  2.268E-01
   8  1.973E+00  2.412E-01
   8  2.267E+00  2.541E-01
   8  2.608E+00  2.652E-01
   8  2.998E+00  2.740E-01
   8  3.446E+00  2.799E-01
   8  3.963E+00  2.827E-01
   8  4.557E+00  2.820E-01
   8  5.240E+00  2.777E-01
   8  6.024E+00  2.697E-01
   8  6.926E+00  2.584E-01
   8  7.963E+00  2.439E-01
   8  9.155E+00  2.269E-01
   8  1.053E+01  2.078E-01
   8  1.210E+01  1.875E-01
   8  1.392E+01  1.665E-01
   8  1.600E+01  1.456E-01
   8  1.840E+01  1.253E-01
   8  2.115E+01  1.062E-01
   8  2.432E+01  8.871E-02
   8  2.797E+01  7.296E-02
   8  3.214E+01  5.920E-02
   8  3.696E+01  4.735E-02
   8  4.250E+01  3.737E-02
   8  4.886E+01  2.912E-02
   8  5.618E+01  2.243E-02
   8  6.459E+01  1.709E-02
   8  7.427E+01  1.288E-02
   8  8.539E+01  9.614E-03
   8  9.818E+01  7.114E-03
   8  1.129E+02  5.222E-03
   8  1.298E+02  3.805E-03
   8  1.492E+02  2.753E-03
   8  1.715E+02  1.981E-03
   8  1.973E+02  1.416E-03
   8  2.267E+02  1.009E-03
   8  2.608E+02  7.143E-04
   8  2.998E+02  5.043E-04
   8  3.446E+02  3.550E-04
   8  3.963E+02  2.489E-04
   8  4.557E+02  1.741E-04
   8  5.240E+02  1.214E-04
   8  6.024E+02  8.457E-05
   8  6.926E+02  5.877E-05
   8  7.963E+02  4.078E-05
   8  9.155E+02  2.826E-05
   8  1.053E+03  1.956E-05
   8  1.210E+03  1.351E-05
   8  1.392E+03  9.336E-06
   8  1.600E+03  6.441E-06
   8  1.840E+03  4.438E-06
   8  2.115E+03  3.059E-06
   8  2.432E+03  2.107E-06
   8  2.797E+03  1.449E-06
   8  3.214E+03  9.983E-07
   8  3.696E+03  6.865E-07
   8  4.250E+03  4.720E-07
   8  4.886E+03  3.243E-07
   8  5.618E+03  2.229E-07
   8  6.459E+03  1.532E-07
   8  7.427E+03  1.052E-07
   8  8.539E+03  7.224E-08
   8  9.818E+03  4.961E-08
   8  1.129E+04  3.407E-08
   8  1.298E+04  2.339E-08
   8  1.492E+04  1.606E-08
   8  1.715E+04  1.103E-08
   8  1.973E+04  7.563E-09
   8  2.267E+04  5.197E-09
   8  2.608E+04  3.562E-09
   8  2.998E+04  2.445E-09
   8  3.446E+04  1.679E-09
   8  3.963E+04  1.152E-09
   8  4.557E+04  7.903E-10
   8  5.240E+04  5.421E-10
   8  6.024E+04  3.721E-10
   8  6.926E+04  2.553E-10
   8  7.963E+04  1.752E-10
   8  9.155E+04  1.202E-10
   8  1.053E+05  8.248E-11
   8  1.210E+05  5.658E-11
   8  1.392E+05  3.883E-11
   8  1.600E+05  2.664E-11
   9  1.900E-01  6.926E-04
   9  2.185E-01  7.899E-04
   9  2.512E-01  8.995E-04
   9  2.888E-01  1.023E-03
   9  3.321E-01  1.162E-03
   9  3.817E-01  1.317E-03
   9  4.389E-01  1.490E-03
   9  5.046E-01  1.681E-03
   9  5.803E-01  1.893E-03
   9  6.671E-01  2.125E-03
   9  7.670E-01  2.377E-03
   9  8.820E-01  2.650E-03
   9  1.014E+00  2.941E-03
   9  1.166E+00  3.249E-03
   9  1.340E+00  3.571E-03
   9  1.541E+00  3.902E-03
   9  1.772E+00  4.236E-03
   9  2.037E+00  4.567E-03
   9  2.343E+00  4.887E-03
   9  2.692E+00  5.183E-03
   9  3.097E+00  5.449E-03
   9  3.561E+00  5.671E-03
   9  4.093E+00  5.838E-03
   9  4.706E+00  5.942E-03
   9  5.411E+00  5.975E-03
   9  6.222E+00  5.929E-03
   9  7.154E+00  5.804E-03
   9  8.225E+00  5.600E-03
   9  9.456E+00  5.322E-03
   9  1.087E+01  4.980E-03
   9  1.250E+01  4.586E-03
   9  1.437E+01  4.153E-03
   9  1.652E+01  3.700E-03
   9  1.900E+01  3.240E-03
   9  2.185E+01  2.790E-03
   9  2.512E+01  2.363E-03
   9  2.888E+01  1.968E-03
   9  3.321E+01  1.612E-03
   9  3.817E+01  1.301E-03
   9  4.389E+01  1.034E-03
   9  5.046E+01  8.095E-04
   9  5.803E+01  6.251E-04
   9  6.671E+01  4.767E-04
   9  7.670E+01  3.591E-04
   9  8.820E+01  2.674E-04
   9  1.014E+02  1.971E-04
   9  1.166E+02  1.440E-04
   9  1.340E+02  1.042E-04
   9  1.541E+02  7.486E-05
   9  1.772E+02  5.338E-05
   9  2.037E+02  3.784E-05
   9  2.343E+02  2.664E-05
   9  2.692E+02  1.869E-05
   9  3.097E+02  1.302E-05
   9  3.561E+02  9.050E-06
   9  4.093E+02  6.270E-06
   9  4.706E+02  4.325E-06
   9  5.411E+02  2.976E-06
   9  6.222E+02  2.042E-06
   9  7.154E+02  1.399E-06
   9  8.225E+02  9.566E-07
   9  9.456E+02  6.530E-07
   9  1.087E+03  4.451E-07
   9  1.250E+03  3.030E-07
   9  1.437E+03  2.059E-07
   9  1.652E+03  1.399E-07
   9  1.900E+03  9.492E-08
   9  2.185E+03  6.433E-08
   9  2.512E+03  4.361E-08
   9  2.888E+03  2.954E-08
   9  3.321E+03  1.998E-08
   9  3.817E+03  1.354E-08
   9  4.389E+03  9.154E-09
   9  5.046E+03  6.190E-09
   9  5.803E+03  4.183E-09
   9  6.671E+03  2.828E-09
   9  7.670E+03  1.910E-09
   9  8.820E+03  1.290E-09
   9  1.014E+04  8.714E-10
   9  1.166E+04  5.886E-10
   9  1.340E+04  3.974E-10
   9  1.541E+04  2.684E-10
   9  1.772E+04  1.812E-10
   9  2.037E+04  1.224E-10
   9  2.343E+04  8.251E-11
   9  2.692E+04  5.576E-11
   9  3.097E+04  3.758E-11
   9  3.561E+04  2.537E-11
   9  4.093E+04  1.713E-11
   9  4.706E+04  1.156E-11
   9  5.411E+04  7.799E-12
   9  6.222E+04  5.260E-12
   9  7.154E+04  3.551E-12
   9  8.225E+04  2.396E-12
   9  9.456E+04  1.617E-12
   9  1.087E+05  1.091E-12
   9  1.250E+05  7.361E-13
   9  1.437E+05  4.965E-13
   9  1.652E+05  3.351E-13
   9  1.900E+05  2.261E-13
  10  2.000E-01  5.178E-03
  10  2.300E-01  5.899E-03
  10  2.644E-01  6.708E-03
  10  3.040E-01  7.619E-03
  10  3.496E-01  8.639E-03
  10  4.018E-01  9.772E-03
  10  4.620E-01  1.103E-02
  10  5.312E-01  1.242E-02
  10  6.108E-01  1.395E-02
  10  7.022E-01  1.561E-02
  10  8.074E-01  1.740E-02
  10  9.284E-01  1.932E-02
  10  1.067E+00  2.135E-02
  10  1.227E+00  2.348E-02
  10  1.411E+00  2.567E-02
  10  1.622E+00  2.788E-02
  10  1.865E+00  3.008E-02
  10  2.144E+00  3.220E-02
  10  2.466E+00  3.419E-02
  10  2.834E+00  3.597E-02
  10  3.260E+00  3.748E-02
  10  3.748E+00  3.865E-02
  10  4.308E+00  3.940E-02
  10  4.954E+00  3.970E-02
  10  5.696E+00  3.951E-02
  10  6.550E+00  3.879E-02
  10  7.530E+00  3.758E-02
  10  8.658E+00  3.588E-02
  10  9.954E+00  3.376E-02
  10  1.144E+01  3.129E-02
  10  1.316E+01  2.856E-02
  10  1.513E+01  2.565E-02
  10  1.739E+01  2.269E-02
  10  2.000E+01  1.975E-02
  10  2.300E+01  1.692E-02
  10  2.644E+01  1.428E-02
  10  3.040E+01  1.186E-02
  10  3.496E+01  9.701E-03
  10  4.018E+01  7.828E-03
  10  4.620E+01  6.224E-03
  10  5.312E+01  4.883E-03
  10  6.108E+01  3.782E-03
  10  7.022E+01  2.895E-03
  10  8.074E+01  2.191E-03
  10  9.284E+01  1.640E-03
  10  1.067E+02  1.216E-03
  10  1.227E+02  8.935E-04
  10  1.411E+02  6.511E-04
  10  1.622E+02  4.710E-04
  10  1.865E+02  3.383E-04
  10  2.144E+02  2.416E-04
  10  2.466E+02  1.714E-04
  10  2.834E+02  1.212E-04
  10  3.260E+02  8.512E-05
  10  3.748E+02  5.963E-05
  10  4.308E+02  4.165E-05
  10  4.954E+02  2.897E-05
  10  5.696E+02  2.010E-05
  10  6.550E+02  1.391E-05
  10  7.530E+02  9.607E-06
  10  8.658E+02  6.622E-06
  10  9.954E+02  4.558E-06
  10  1.144E+03  3.133E-06
  10  1.316E+03  2.150E-06
  10  1.513E+03  1.474E-06
  10  1.739E+03  1.010E-06
  10  2.000E+03  6.908E-07
  10  2.300E+03  4.721E-07
  10  2.644E+03  3.228E-07
  10  3.040E+03  2.204E-07
  10  3.496E+03  1.504E-07
  10  4.018E+03  1.027E-07
  10  4.620E+03  7.005E-08
  10  5.312E+03  4.776E-08
  10  6.108E+03  3.255E-08
  10  7.022E+03  2.219E-08
  10  8.074E+03  1.512E-08
  10  9.284E+03  1.029E-08
  10  1.067E+04  7.012E-09
  10  1.227E+04  4.776E-09
  10  1.411E+04  3.252E-09
  10  1.622E+04  2.214E-09
  10  1.865E+04  1.507E-09
  10  2.144E+04  1.027E-09
  10  2.466E+04  6.981E-10
  10  2.834E+04  4.758E-10
  10  3.260E+04  3.234E-10
  10  3.748E+04  2.201E-10
  10  4.308E+04  1.499E-10
  10  4.954E+04  1.020E-10
  10  5.696E+04  6.938E-11
  10  6.550E+04  4.719E-11
  10  7.530E+04  3.212E-11
  10  8.658E+04  2.186E-11
  10  9.954E+04  1.487E-11
  10  1.144E+05  1.012E-11
  10  1.316E+05  6.887E-12
  10  1.513E+05  4.684E-12
  10  1.739E+05  3.188E-12
  10  2.000E+05  2.169E-12
  11  2.300E-01  1.183E-03
  11  2.645E-01  1.347E-03
  11  3.041E-01  1.531E-03
  11  3.496E-01  1.738E-03
  11  4.020E-01  1.969E-03
  11  4.621E-01  2.225E-03
  11  5.313E-01  2.510E-03
  11  6.109E-01  2.823E-03
  11  7.024E-01  3.165E-03
  11  8.075E-01  3.537E-03
  11  9.285E-01  3.937E-03
  11  1.068E+00  4.364E-03
  11  1.228E+00  4.814E-03
  11  1.411E+00  5.281E-03
  11  1.623E+00  5.759E-03
  11  1.866E+00  6.240E-03
  11  2.145E+00  6.711E-03
  11  2.466E+00  7.161E-03
  11  2.836E+00  7.577E-03
  11  3.259E+00  7.940E-03
  11  3.749E+00  8.240E-03
  11  4.310E+00  8.458E-03
  11  4.954E+00  8.582E-03
  11  5.697E+00  8.603E-03
  11  6.550E+00  8.513E-03
  11  7.532E+00  8.312E-03
  11  8.660E+00  8.002E-03
  11  9.957E+00  7.592E-03
  11  1.145E+01  7.097E-03
  11  1.316E+01  6.532E-03
  11  1.513E+01  5.918E-03
  11  1.740E+01  5.277E-03
  11  2.000E+01  4.632E-03
  11  2.300E+01  3.999E-03
  11  2.645E+01  3.398E-03
  11  3.041E+01  2.843E-03
  11  3.496E+01  2.341E-03
  11  4.020E+01  1.898E-03
  11  4.621E+01  1.518E-03
  11  5.313E+01  1.196E-03
  11  6.109E+01  9.292E-04
  11  7.024E+01  7.127E-04
  11  8.075E+01  5.402E-04
  11  9.285E+01  4.047E-04
  11  1.068E+02  2.999E-04
  11  1.228E+02  2.201E-04
  11  1.411E+02  1.601E-04
  11  1.623E+02  1.154E-04
  11  1.866E+02  8.264E-05
  11  2.145E+02  5.873E-05
  11  2.466E+02  4.150E-05
  11  2.836E+02  2.912E-05
  11  3.259E+02  2.037E-05
  11  3.749E+02  1.416E-05
  11  4.310E+02  9.809E-06
  11  4.954E+02  6.778E-06
  11  5.697E+02  4.662E-06
  11  6.550E+02  3.199E-06
  11  7.532E+02  2.189E-06
  11  8.660E+02  1.496E-06
  11  9.957E+02  1.020E-06
  11  1.145E+03  6.943E-07
  11  1.316E+03  4.720E-07
  11  1.513E+03  3.204E-07
  11  1.740E+03  2.172E-07
  11  2.000E+03  1.471E-07
  11  2.300E+03  9.956E-08
  11  2.645E+03  6.728E-08
  11  3.041E+03  4.549E-08
  11  3.496E+03  3.072E-08
  11  4.020E+03  2.073E-08
  11  4.621E+03  1.400E-08
  11  5.313E+03  9.443E-09
  11  6.109E+03  6.367E-09
  11  7.024E+03  4.291E-09
  11  8.075E+03  2.893E-09
  11  9.285E+03  1.949E-09
  11  1.068E+04  1.312E-09
  11  1.228E+04  8.841E-10
  11  1.411E+04  5.955E-10
  11  1.623E+04  4.009E-10
  11  1.866E+04  2.700E-10
  11  2.145E+04  1.817E-10
  11  2.466E+04  1.224E-10
  11  2.836E+04  8.232E-11
  11  3.259E+04  5.548E-11
  11  3.749E+04  3.729E-11
  11  4.310E+04  2.510E-11
  11  4.954E+04  1.691E-11
  11  5.697E+04  1.137E-11
  11  6.550E+04  7.652E-12
  11  7.532E+04  5.147E-12
  11  8.660E+04  3.464E-12
  11  9.957E+04  2.331E-12
  11  1.145E+05  1.569E-12
  11  1.316E+05  1.056E-12
  11  1.513E+05  7.103E-13
  11  1.740E+05  4.778E-13
  11  2.000E+05  3.216E-13
  11  2.300E+05  2.163E-13
  12  2.400E-01  4.122E-03
  12  2.760E-01  4.701E-03
  12  3.173E-01  5.352E-03
  12  3.648E-01  6.087E-03
  12  4.195E-01  6.914E-03
  12  4.822E-01  7.834E-03
  12  5.544E-01  8.862E-03
  12  6.374E-01  1.000E-02
  12  7.330E-01  1.126E-02
  12  8.426E-01  1.264E-02
  12  9.689E-01  1.414E-02
  12  1.114E+00  1.576E-02
  12  1.281E+00  1.749E-02
  12  1.473E+00  1.932E-02
  12  1.693E+00  2.123E-02
  12  1.947E+00  2.320E-02
  12  2.238E+00  2.519E-02
  12  2.573E+00  2.715E-02
  12  2.959E+00  2.905E-02
  12  3.401E+00  3.082E-02
  12  3.912E+00  3.240E-02
  12  4.498E+00  3.373E-02
  12  5.170E+00  3.475E-02
  12  5.945E+00  3.539E-02
  12  6.835E+00  3.561E-02
  12  7.860E+00  3.539E-02
  12  9.036E+00  3.470E-02
  12  1.039E+01  3.354E-02
  12  1.194E+01  3.196E-02
  12  1.373E+01  3.000E-02
  12  1.579E+01  2.773E-02
  12  1.816E+01  2.523E-02
  12  2.087E+01  2.259E-02
  12  2.400E+01  1.990E-02
  12  2.760E+01  1.725E-02
  12  3.173E+01  1.472E-02
  12  3.648E+01  1.236E-02
  12  4.195E+01  1.022E-02
  12  4.822E+01  8.332E-03
  12  5.544E+01  6.691E-03
  12  6.374E+01  5.299E-03
  12  7.330E+01  4.142E-03
  12  8.426E+01  3.199E-03
  12  9.689E+01  2.441E-03
  12  1.114E+02  1.843E-03
  12  1.281E+02  1.378E-03
  12  1.473E+02  1.021E-03
  12  1.693E+02  7.500E-04
  12  1.947E+02  5.469E-04
  12  2.238E+02  3.960E-04
  12  2.573E+02  2.851E-04
  12  2.959E+02  2.038E-04
  12  3.401E+02  1.453E-04
  12  3.912E+02  1.029E-04
  12  4.498E+02  7.265E-05
  12  5.170E+02  5.115E-05
  12  5.945E+02  3.586E-05
  12  6.835E+02  2.509E-05
  12  7.860E+02  1.750E-05
  12  9.036E+02  1.219E-05
  12  1.039E+03  8.470E-06
  12  1.194E+03  5.878E-06
  12  1.373E+03  4.073E-06
  12  1.579E+03  2.819E-06
  12  1.816E+03  1.948E-06
  12  2.087E+03  1.346E-06
  12  2.400E+03  9.283E-07
  12  2.760E+03  6.397E-07
  12  3.173E+03  4.410E-07
  12  3.648E+03  3.037E-07
  12  4.195E+03  2.089E-07
  12  4.822E+03  1.439E-07
  12  5.544E+03  9.895E-08
  12  6.374E+03  6.803E-08
  12  7.330E+03  4.675E-08
  12  8.426E+03  3.213E-08
  12  9.689E+03  2.208E-08
  12  1.114E+04  1.516E-08
  12  1.281E+04  1.041E-08
  12  1.473E+04  7.151E-09
  12  1.693E+04  4.910E-09
  12  1.947E+04  3.372E-09
  12  2.238E+04  2.314E-09
  12  2.573E+04  1.590E-09
  12  2.959E+04  1.090E-09
  12  3.401E+04  7.491E-10
  12  3.912E+04  5.134E-10
  12  4.498E+04  3.524E-10
  12  5.170E+04  2.420E-10
  12  5.945E+04  1.660E-10
  12  6.835E+04  1.139E-10
  12  7.860E+04  7.813E-11
  12  9.036E+04  5.363E-11
  12  1.039E+05  3.679E-11
  12  1.194E+05  2.525E-11
  12  1.373E+05  1.733E-11
  12  1.579E+05  1.189E-11
  12  1.816E+05  8.155E-12
  12  2.087E+05  5.597E-12
  12  2.400E+05  3.839E-12
  13  2.700E-01  8.509E-04
  13  3.105E-01  9.697E-04
  13  3.569E-01  1.103E-03
  13  4.104E-01  1.253E-03
  13  4.720E-01  1.422E-03
  13  5.424E-01  1.609E-03
  13  6.237E-01  1.818E-03
  13  7.171E-01  2.048E-03
  13  8.246E-01  2.301E-03
  13  9.480E-01  2.577E-03
  13  1.090E+00  2.877E-03
  13  1.253E+00  3.198E-03
  13  1.441E+00  3.538E-03
  13  1.657E+00  3.896E-03
  13  1.905E+00  4.266E-03
  13  2.190E+00  4.642E-03
  13  2.518E+00  5.017E-03
  13  2.894E+00  5.382E-03
  13  3.329E+00  5.728E-03
  13  3.826E+00  6.041E-03
  13  4.401E+00  6.312E-03
  13  5.060E+00  6.527E-03
  13  5.816E+00  6.675E-03
  13  6.688E+00  6.747E-03
  13  7.690E+00  6.735E-03
  13  8.842E+00  6.636E-03
  13  1.017E+01  6.449E-03
  13  1.169E+01  6.179E-03
  13  1.344E+01  5.834E-03
  13  1.545E+01  5.424E-03
  13  1.776E+01  4.965E-03
  13  2.043E+01  4.473E-03
  13  2.348E+01  3.966E-03
  13  2.700E+01  3.460E-03
  13  3.105E+01  2.970E-03
  13  3.569E+01  2.509E-03
  13  4.104E+01  2.087E-03
  13  4.720E+01  1.709E-03
  13  5.424E+01  1.379E-03
  13  6.237E+01  1.097E-03
  13  7.171E+01  8.605E-04
  13  8.246E+01  6.662E-04
  13  9.480E+01  5.096E-04
  13  1.090E+02  3.852E-04
  13  1.253E+02  2.881E-04
  13  1.441E+02  2.134E-04
  13  1.657E+02  1.566E-04
  13  1.905E+02  1.139E-04
  13  2.190E+02  8.231E-05
  13  2.518E+02  5.903E-05
  13  2.894E+02  4.210E-05
  13  3.329E+02  2.981E-05
  13  3.826E+02  2.105E-05
  13  4.401E+02  1.476E-05
  13  5.060E+02  1.033E-05
  13  5.816E+02  7.202E-06
  13  6.688E+02  5.001E-06
  13  7.690E+02  3.464E-06
  13  8.842E+02  2.393E-06
  13  1.017E+03  1.651E-06
  13  1.169E+03  1.136E-06
  13  1.344E+03  7.810E-07
  13  1.545E+03  5.360E-07
  13  1.776E+03  3.674E-07
  13  2.043E+03  2.514E-07
  13  2.348E+03  1.720E-07
  13  2.700E+03  1.175E-07
  13  3.105E+03  8.019E-08
  13  3.569E+03  5.474E-08
  13  4.104E+03  3.733E-08
  13  4.720E+03  2.543E-08
  13  5.424E+03  1.735E-08
  13  6.237E+03  1.181E-08
  13  7.171E+03  8.044E-09
  13  8.246E+03  5.474E-09
  13  9.480E+03  3.726E-09
  13  1.090E+04  2.535E-09
  13  1.253E+04  1.724E-09
  13  1.441E+04  1.173E-09
  13  1.657E+04  7.975E-10
  13  1.905E+04  5.422E-10
  13  2.190E+04  3.687E-10
  13  2.518E+04  2.506E-10
  13  2.894E+04  1.705E-10
  13  3.329E+04  1.158E-10
  13  3.826E+04  7.879E-11
  13  4.401E+04  5.347E-11
  13  5.060E+04  3.635E-11
  13  5.816E+04  2.472E-11
  13  6.688E+04  1.679E-11
  13  7.690E+04  1.141E-11
  13  8.842E+04  7.750E-12
  13  1.017E+05  5.268E-12
  13  1.169E+05  3.579E-12
  13  1.344E+05  2.432E-12
  13  1.545E+05  1.653E-12
  13  1.776E+05  1.123E-12
  13  2.043E+05  7.628E-13
  13  2.348E+05  5.184E-13
  13  2.700E+05  3.522E-13
  14  2.800E-01  3.361E-03
  14  3.220E-01  3.829E-03
  14  3.702E-01  4.355E-03
  14  4.256E-01  4.947E-03
  14  4.894E-01  5.611E-03
  14  5.625E-01  6.347E-03
  14  6.468E-01  7.167E-03
  14  7.437E-01  8.072E-03
  14  8.551E-01  9.066E-03
  14  9.831E-01  1.015E-02
  14  1.130E+00  1.132E-02
  14  1.300E+00  1.257E-02
  14  1.494E+00  1.390E-02
  14  1.718E+00  1.529E-02
  14  1.975E+00  1.673E-02
  14  2.271E+00  1.819E-02
  14  2.611E+00  1.964E-02
  14  3.002E+00  2.104E-02
  14  3.452E+00  2.237E-02
  14  3.968E+00  2.356E-02
  14  4.564E+00  2.459E-02
  14  5.247E+00  2.539E-02
  14  6.031E+00  2.593E-02
  14  6.936E+00  2.618E-02
  14  7.974E+00  2.611E-02
  14  9.170E+00  2.571E-02
  14  1.054E+01  2.498E-02
  14  1.212E+01  2.393E-02
  14  1.394E+01  2.260E-02
  14  1.602E+01  2.103E-02
  14  1.842E+01  1.928E-02
  14  2.118E+01  1.741E-02
  14  2.435E+01  1.548E-02
  14  2.800E+01  1.355E-02
  14  3.220E+01  1.168E-02
  14  3.702E+01  9.926E-03
  14  4.256E+01  8.306E-03
  14  4.894E+01  6.849E-03
  14  5.625E+01  5.573E-03
  14  6.468E+01  4.470E-03
  14  7.437E+01  3.540E-03
  14  8.551E+01  2.769E-03
  14  9.831E+01  2.141E-03
  14  1.130E+02  1.637E-03
  14  1.300E+02  1.239E-03
  14  1.494E+02  9.288E-04
  14  1.718E+02  6.904E-04
  14  1.975E+02  5.090E-04
  14  2.271E+02  3.726E-04
  14  2.611E+02  2.709E-04
  14  3.002E+02  1.959E-04
  14  3.452E+02  1.407E-04
  14  3.968E+02  1.008E-04
  14  4.564E+02  7.173E-05
  14  5.247E+02  5.090E-05
  14  6.031E+02  3.603E-05
  14  6.936E+02  2.539E-05
  14  7.974E+02  1.785E-05
  14  9.170E+02  1.252E-05
  14  1.054E+03  8.767E-06
  14  1.212E+03  6.125E-06
  14  1.394E+03  4.274E-06
  14  1.602E+03  2.978E-06
  14  1.842E+03  2.072E-06
  14  2.118E+03  1.440E-06
  14  2.435E+03  1.000E-06
  14  2.800E+03  6.937E-07
  14  3.220E+03  4.807E-07
  14  3.702E+03  3.332E-07
  14  4.256E+03  2.307E-07
  14  4.894E+03  1.596E-07
  14  5.625E+03  1.105E-07
  14  6.468E+03  7.643E-08
  14  7.437E+03  5.284E-08
  14  8.551E+03  3.652E-08
  14  9.831E+03  2.524E-08
  14  1.130E+04  1.744E-08
  14  1.300E+04  1.204E-08
  14  1.494E+04  8.317E-09
  14  1.718E+04  5.744E-09
  14  1.975E+04  3.966E-09
  14  2.271E+04  2.738E-09
  14  2.611E+04  1.890E-09
  14  3.002E+04  1.306E-09
  14  3.452E+04  9.002E-10
  14  3.968E+04  6.221E-10
  14  4.564E+04  4.288E-10
  14  5.247E+04  2.959E-10
  14  6.031E+04  2.044E-10
  14  6.936E+04  1.410E-10
  14  7.974E+04  9.728E-11
  14  9.170E+04  6.710E-11
  14  1.054E+05  4.631E-11
  14  1.212E+05  3.195E-11
  14  1.394E+05  2.205E-11
  14  1.602E+05  1.522E-11
  14  1.842E+05  1.050E-11
  14  2.118E+05  7.241E-12
  14  2.435E+05  4.997E-12
  14  2.800E+05  3.447E-12
  15  3.100E-01  1.491E-04
  15  3.565E-01  1.700E-04
  15  4.098E-01  1.936E-04
  15  4.712E-01  2.202E-04
  15  5.419E-01  2.500E-04
  15  6.228E-01  2.833E-04
  15  7.161E-01  3.204E-04
  15  8.234E-01  3.615E-04
  15  9.467E-01  4.069E-04
  15  1.088E+00  4.566E-04
  15  1.251E+00  5.106E-04
  15  1.439E+00  5.689E-04
  15  1.654E+00  6.311E-04
  15  1.902E+00  6.968E-04
  15  2.187E+00  7.654E-04
  15  2.514E+00  8.357E-04
  15  2.891E+00  9.067E-04
  15  3.323E+00  9.765E-04
  15  3.822E+00  1.044E-03
  15  4.393E+00  1.106E-03
  15  5.053E+00  1.161E-03
  15  5.809E+00  1.206E-03
  15  6.677E+00  1.240E-03
  15  7.679E+00  1.259E-03
  15  8.829E+00  1.264E-03
  15  1.015E+01  1.251E-03
  15  1.167E+01  1.221E-03
  15  1.342E+01  1.175E-03
  15  1.543E+01  1.114E-03
  15  1.774E+01  1.039E-03
  15  2.039E+01  9.530E-04
  15  2.345E+01  8.599E-04
  15  2.696E+01  7.629E-04
  15  3.100E+01  6.652E-04
  15  3.565E+01  5.701E-04
  15  4.098E+01  4.805E-04
  15  4.712E+01  3.981E-04
  15  5.419E+01  3.243E-04
  15  6.228E+01  2.603E-04
  15  7.161E+01  2.055E-04
  15  8.234E+01  1.599E-04
  15  9.467E+01  1.227E-04
  15  1.088E+02  9.294E-05
  15  1.251E+02  6.951E-05
  15  1.439E+02  5.139E-05
  15  1.654E+02  3.760E-05
  15  1.902E+02  2.725E-05
  15  2.187E+02  1.957E-05
  15  2.514E+02  1.394E-05
  15  2.891E+02  9.858E-06
  15  3.323E+02  6.930E-06
  15  3.822E+02  4.836E-06
  15  4.393E+02  3.364E-06
  15  5.053E+02  2.323E-06
  15  5.809E+02  1.600E-06
  15  6.677E+02  1.099E-06
  15  7.679E+02  7.509E-07
  15  8.829E+02  5.120E-07
  15  1.015E+03  3.481E-07
  15  1.167E+03  2.363E-07
  15  1.342E+03  1.600E-07
  15  1.543E+03  1.082E-07
  15  1.774E+03  7.306E-08
  15  2.039E+03  4.925E-08
  15  2.345E+03  3.316E-08
  15  2.696E+03  2.231E-08
  15  3.100E+03  1.499E-08
  15  3.565E+03  1.006E-08
  15  4.098E+03  6.758E-09
  15  4.712E+03  4.533E-09
  15  5.419E+03  3.037E-09
  15  6.228E+03  2.038E-09
  15  7.161E+03  1.365E-09
  15  8.234E+03  9.137E-10
  15  9.467E+03  6.116E-10
  15  1.088E+04  4.094E-10
  15  1.251E+04  2.739E-10
  15  1.439E+04  1.832E-10
  15  1.654E+04  1.225E-10
  15  1.902E+04  8.196E-11
  15  2.187E+04  5.480E-11
  15  2.514E+04  3.665E-11
  15  2.891E+04  2.450E-11
  15  3.323E+04  1.639E-11
  15  3.822E+04  1.094E-11
  15  4.393E+04  7.324E-12
  15  5.053E+04  4.888E-12
  15  5.809E+04  3.268E-12
  15  6.677E+04  2.186E-12
  15  7.679E+04  1.460E-12
  15  8.829E+04  9.755E-13
  15  1.015E+05  6.516E-13
  15  1.167E+05  4.356E-13
  15  1.342E+05  2.910E-13
  15  1.543E+05  1.945E-13
  15  1.774E+05  1.300E-13
  15  2.039E+05  8.684E-14
  15  2.345E+05  5.801E-14
  15  2.696E+05  3.877E-14
  15  3.100E+05  2.590E-14
  16  3.200E-01  5.765E-04
  16  3.680E-01  6.570E-04
  16  4.230E-01  7.476E-04
  16  4.864E-01  8.496E-04
  16  5.594E-01  9.641E-04
  16  6.429E-01  1.091E-03
  16  7.392E-01  1.233E-03
  16  8.499E-01  1.390E-03
  16  9.773E-01  1.562E-03
  16  1.124E+00  1.750E-03
  16  1.292E+00  1.954E-03
  16  1.485E+00  2.174E-03
  16  1.708E+00  2.407E-03
  16  1.964E+00  2.652E-03
  16  2.258E+00  2.905E-03
  16  2.596E+00  3.164E-03
  16  2.984E+00  3.423E-03
  16  3.430E+00  3.676E-03
  16  3.946E+00  3.916E-03
  16  4.534E+00  4.135E-03
  16  5.216E+00  4.327E-03
  16  5.997E+00  4.480E-03
  16  6.893E+00  4.589E-03
  16  7.926E+00  4.646E-03
  16  9.114E+00  4.647E-03
  16  1.048E+01  4.588E-03
  16  1.205E+01  4.469E-03
  16  1.385E+01  4.293E-03
  16  1.593E+01  4.064E-03
  16  1.831E+01  3.790E-03
  16  2.105E+01  3.480E-03
  16  2.421E+01  3.147E-03
  16  2.783E+01  2.801E-03
  16  3.200E+01  2.454E-03
  16  3.680E+01  2.115E-03
  16  4.230E+01  1.796E-03
  16  4.864E+01  1.502E-03
  16  5.594E+01  1.236E-03
  16  6.429E+01  1.004E-03
  16  7.392E+01  8.031E-04
  16  8.499E+01  6.340E-04
  16  9.773E+01  4.941E-04
  16  1.124E+02  3.806E-04
  16  1.292E+02  2.897E-04
  16  1.485E+02  2.183E-04
  16  1.708E+02  1.628E-04
  16  1.964E+02  1.204E-04
  16  2.258E+02  8.830E-05
  16  2.596E+02  6.428E-05
  16  2.984E+02  4.646E-05
  16  3.430E+02  3.340E-05
  16  3.946E+02  2.384E-05
  16  4.534E+02  1.697E-05
  16  5.216E+02  1.200E-05
  16  5.997E+02  8.462E-06
  16  6.893E+02  5.950E-06
  16  7.926E+02  4.166E-06
  16  9.114E+02  2.910E-06
  16  1.048E+03  2.027E-06
  16  1.205E+03  1.410E-06
  16  1.385E+03  9.784E-07
  16  1.593E+03  6.780E-07
  16  1.831E+03  4.692E-07
  16  2.105E+03  3.243E-07
  16  2.421E+03  2.238E-07
  16  2.783E+03  1.544E-07
  16  3.200E+03  1.063E-07
  16  3.680E+03  7.318E-08
  16  4.230E+03  5.038E-08
  16  4.864E+03  3.464E-08
  16  5.594E+03  2.380E-08
  16  6.429E+03  1.637E-08
  16  7.392E+03  1.124E-08
  16  8.499E+03  7.718E-09
  16  9.773E+03  5.296E-09
  16  1.124E+04  3.636E-09
  16  1.292E+04  2.494E-09
  16  1.485E+04  1.710E-09
  16  1.708E+04  1.173E-09
  16  1.964E+04  8.046E-10
  16  2.258E+04  5.517E-10
  16  2.596E+04  3.783E-10
  16  2.984E+04  2.593E-10
  16  3.430E+04  1.779E-10
  16  3.946E+04  1.218E-10
  16  4.534E+04  8.358E-11
  16  5.216E+04  5.720E-11
  16  5.997E+04  3.921E-11
  16  6.893E+04  2.689E-11
  16  7.926E+04  1.842E-11
  16  9.114E+04  1.262E-11
  16  1.048E+05  8.645E-12
  16  1.205E+05  5.925E-12
  16  1.385E+05  4.060E-12
  16  1.593E+05  2.782E-12
  16  1.831E+05  1.907E-12
  16  2.105E+05  1.306E-12
  16  2.421E+05  8.947E-13
  16  2.783E+05  6.132E-13
  16  3.200E+05  4.201E-13
  17  3.500E-01  1.181E-04
  17  4.025E-01  1.348E-04
  17  4.627E-01  1.535E-04
  17  5.320E-01  1.746E-04
  17  6.118E-01  1.984E-04
  17  7.032E-01  2.249E-04
  17  8.085E-01  2.545E-04
  17  9.296E-01  2.874E-04
  17  1.069E+00  3.237E-04
  17  1.229E+00  3.635E-04
  17  1.413E+00  4.069E-04
  17  1.625E+00  4.538E-04
  17  1.868E+00  5.040E-04
  17  2.148E+00  5.572E-04
  17  2.469E+00  6.129E-04
  17  2.839E+00  6.702E-04
  17  3.264E+00  7.282E-04
  17  3.752E+00  7.856E-04
  17  4.316E+00  8.413E-04
  17  4.959E+00  8.928E-04
  17  5.705E+00  9.392E-04
  17  6.559E+00  9.777E-04
  17  7.539E+00  1.007E-03
  17  8.670E+00  1.025E-03
  17  9.968E+00  1.030E-03
  17  1.146E+01  1.021E-03
  17  1.318E+01  9.979E-04
  17  1.515E+01  9.608E-04
  17  1.742E+01  9.107E-04
  17  2.003E+01  8.493E-04
  17  2.303E+01  7.787E-04
  17  2.648E+01  7.016E-04
  17  3.044E+01  6.211E-04
  17  3.500E+01  5.400E-04
  17  4.025E+01  4.611E-04
  17  4.627E+01  3.868E-04
  17  5.320E+01  3.188E-04
  17  6.118E+01  2.581E-04
  17  7.032E+01  2.057E-04
  17  8.085E+01  1.612E-04
  17  9.296E+01  1.244E-04
  17  1.069E+02  9.453E-05
  17  1.229E+02  7.089E-05
  17  1.413E+02  5.247E-05
  17  1.625E+02  3.836E-05
  17  1.868E+02  2.775E-05
  17  2.148E+02  1.986E-05
  17  2.469E+02  1.409E-05
  17  2.839E+02  9.911E-06
  17  3.264E+02  6.917E-06
  17  3.752E+02  4.798E-06
  17  4.315E+02  3.302E-06
  17  4.960E+02  2.266E-06
  17  5.705E+02  1.543E-06
  17  6.559E+02  1.047E-06
  17  7.539E+02  7.090E-07
  17  8.670E+02  4.776E-07
  17  9.968E+02  3.209E-07
  17  1.146E+03  2.150E-07
  17  1.318E+03  1.438E-07
  17  1.515E+03  9.595E-08
  17  1.742E+03  6.392E-08
  17  2.003E+03  4.252E-08
  17  2.303E+03  2.824E-08
  17  2.648E+03  1.872E-08
  17  3.044E+03  1.241E-08
  17  3.500E+03  8.215E-09
  17  4.025E+03  5.431E-09
  17  4.627E+03  3.592E-09
  17  5.320E+03  2.373E-09
  17  6.118E+03  1.566E-09
  17  7.031E+03  1.035E-09
  17  8.085E+03  6.824E-10
  17  9.296E+03  4.500E-10
  17  1.069E+04  2.966E-10
  17  1.229E+04  1.956E-10
  17  1.413E+04  1.288E-10
  17  1.625E+04  8.486E-11
  17  1.868E+04  5.591E-11
  17  2.148E+04  3.682E-11
  17  2.469E+04  2.425E-11
  17  2.839E+04  1.597E-11
  17  3.264E+04  1.051E-11
  17  3.752E+04  6.926E-12
  17  4.316E+04  4.554E-12
  17  4.960E+04  3.002E-12
  17  5.705E+04  1.973E-12
  17  6.559E+04  1.299E-12
  17  7.539E+04  8.554E-13
  17  8.670E+04  5.627E-13
  17  9.968E+04  3.703E-13
  17  1.146E+05  2.435E-13
  17  1.318E+05  1.603E-13
  17  1.515E+05  1.055E-13
  17  1.742E+05  6.942E-14
  17  2.003E+05  4.569E-14
  17  2.303E+05  3.006E-14
  17  2.648E+05  1.977E-14
  17  3.044E+05  1.302E-14
  17  3.500E+05  8.562E-15
  18  4.000E-01  1.981E-04
  18  4.600E-01  2.260E-04
  18  5.288E-01  2.573E-04
  18  6.080E-01  2.926E-04
  18  6.992E-01  3.323E-04
  18  8.036E-01  3.765E-04
  18  9.240E-01  4.258E-04
  18  1.062E+00  4.805E-04
  18  1.222E+00  5.408E-04
  18  1.404E+00  6.068E-04
  18  1.615E+00  6.787E-04
  18  1.857E+00  7.563E-04
  18  2.135E+00  8.391E-04
  18  2.454E+00  9.265E-04
  18  2.822E+00  1.018E-03
  18  3.244E+00  1.111E-03
  18  3.730E+00  1.206E-03
  18  4.288E+00  1.299E-03
  18  4.932E+00  1.389E-03
  18  5.668E+00  1.471E-03
  18  6.520E+00  1.545E-03
  18  7.496E+00  1.606E-03
  18  8.616E+00  1.650E-03
  18  9.908E+00  1.677E-03
  18  1.139E+01  1.682E-03
  18  1.310E+01  1.665E-03
  18  1.506E+01  1.626E-03
  18  1.732E+01  1.563E-03
  18  1.991E+01  1.480E-03
  18  2.289E+01  1.379E-03
  18  2.632E+01  1.264E-03
  18  3.026E+01  1.139E-03
  18  3.479E+01  1.008E-03
  18  4.000E+01  8.773E-04
  18  4.600E+01  7.498E-04
  18  5.288E+01  6.300E-04
  18  6.080E+01  5.202E-04
  18  6.992E+01  4.222E-04
  18  8.036E+01  3.374E-04
  18  9.240E+01  2.653E-04
  18  1.062E+02  2.054E-04
  18  1.222E+02  1.568E-04
  18  1.404E+02  1.182E-04
  18  1.615E+02  8.791E-05
  18  1.857E+02  6.464E-05
  18  2.135E+02  4.703E-05
  18  2.454E+02  3.389E-05
  18  2.822E+02  2.420E-05
  18  3.244E+02  1.714E-05
  18  3.730E+02  1.205E-05
  18  4.288E+02  8.422E-06
  18  4.932E+02  5.843E-06
  18  5.668E+02  4.041E-06
  18  6.520E+02  2.774E-06
  18  7.496E+02  1.900E-06
  18  8.616E+02  1.297E-06
  18  9.908E+02  8.813E-07
  18  1.139E+03  5.974E-07
  18  1.310E+03  4.038E-07
  18  1.506E+03  2.726E-07
  18  1.732E+03  1.835E-07
  18  1.991E+03  1.234E-07
  18  2.289E+03  8.285E-08
  18  2.632E+03  5.554E-08
  18  3.026E+03  3.718E-08
  18  3.479E+03  2.488E-08
  18  4.000E+03  1.662E-08
  18  4.600E+03  1.110E-08
  18  5.288E+03  7.409E-09
  18  6.080E+03  4.941E-09
  18  6.992E+03  3.292E-09
  18  8.036E+03  2.196E-09
  18  9.240E+03  1.463E-09
  18  1.062E+04  9.740E-10
  18  1.222E+04  6.482E-10
  18  1.404E+04  4.315E-10
  18  1.615E+04  2.871E-10
  18  1.857E+04  1.909E-10
  18  2.135E+04  1.270E-10
  18  2.454E+04  8.448E-11
  18  2.822E+04  5.617E-11
  18  3.244E+04  3.736E-11
  18  3.730E+04  2.483E-11
  18  4.288E+04  1.652E-11
  18  4.932E+04  1.097E-11
  18  5.668E+04  7.300E-12
  18  6.520E+04  4.845E-12
  18  7.496E+04  3.221E-12
  18  8.616E+04  2.142E-12
  18  9.908E+04  1.423E-12
  18  1.139E+05  9.455E-13
  18  1.310E+05  6.280E-13
  18  1.506E+05  4.175E-13
  18  1.732E+05  2.774E-13
  18  1.991E+05  1.843E-13
  18  2.289E+05  1.225E-13
  18  2.632E+05  8.140E-14
  18  3.026E+05  5.407E-14
  18  3.479E+05  3.594E-14
  18  4.000E+05  2.387E-14
  19  3.900E-01  1.457E-04
  19  4.485E-01  1.663E-04
  19  5.156E-01  1.894E-04
  19  5.928E-01  2.155E-04
  19  6.817E-01  2.448E-04
  19  7.835E-01  2.775E-04
  19  9.009E-01  3.141E-04
  19  1.036E+00  3.546E-04
  19  1.191E+00  3.995E-04
  19  1.369E+00  4.486E-04
  19  1.574E+00  5.022E-04
  19  1.810E+00  5.602E-04
  19  2.081E+00  6.222E-04
  19  2.393E+00  6.879E-04
  19  2.751E+00  7.566E-04
  19  3.163E+00  8.274E-04
  19  3.637E+00  8.990E-04
  19  4.181E+00  9.699E-04
  19  4.809E+00  1.039E-03
  19  5.526E+00  1.102E-03
  19  6.357E+00  1.159E-03
  19  7.309E+00  1.207E-03
  19  8.401E+00  1.242E-03
  19  9.660E+00  1.264E-03
  19  1.111E+01  1.269E-03
  19  1.277E+01  1.258E-03
  19  1.468E+01  1.229E-03
  19  1.688E+01  1.182E-03
  19  1.941E+01  1.119E-03
  19  2.232E+01  1.042E-03
  19  2.566E+01  9.541E-04
  19  2.950E+01  8.581E-04
  19  3.392E+01  7.582E-04
  19  3.900E+01  6.577E-04
  19  4.485E+01  5.601E-04
  19  5.156E+01  4.685E-04
  19  5.928E+01  3.849E-04
  19  6.817E+01  3.106E-04
  19  7.835E+01  2.466E-04
  19  9.009E+01  1.924E-04
  19  1.036E+02  1.478E-04
  19  1.191E+02  1.119E-04
  19  1.369E+02  8.349E-05
  19  1.574E+02  6.148E-05
  19  1.810E+02  4.471E-05
  19  2.081E+02  3.217E-05
  19  2.393E+02  2.290E-05
  19  2.751E+02  1.615E-05
  19  3.163E+02  1.129E-05
  19  3.637E+02  7.835E-06
  19  4.181E+02  5.401E-06
  19  4.809E+02  3.694E-06
  19  5.526E+02  2.519E-06
  19  6.357E+02  1.704E-06
  19  7.309E+02  1.150E-06
  19  8.401E+02  7.730E-07
  19  9.660E+02  5.173E-07
  19  1.111E+03  3.453E-07
  19  1.277E+03  2.298E-07
  19  1.468E+03  1.527E-07
  19  1.688E+03  1.012E-07
  19  1.941E+03  6.694E-08
  19  2.232E+03  4.423E-08
  19  2.566E+03  2.917E-08
  19  2.950E+03  1.921E-08
  19  3.392E+03  1.265E-08
  19  3.900E+03  8.314E-09
  19  4.485E+03  5.459E-09
  19  5.156E+03  3.585E-09
  19  5.928E+03  2.352E-09
  19  6.817E+03  1.541E-09
  19  7.835E+03  1.012E-09
  19  9.009E+03  6.626E-10
  19  1.036E+04  4.339E-10
  19  1.191E+04  2.840E-10
  19  1.369E+04  1.860E-10
  19  1.574E+04  1.217E-10
  19  1.810E+04  7.958E-11
  19  2.081E+04  5.206E-11
  19  2.393E+04  3.406E-11
  19  2.751E+04  2.227E-11
  19  3.163E+04  1.456E-11
  19  3.637E+04  9.521E-12
  19  4.181E+04  6.229E-12
  19  4.809E+04  4.067E-12
  19  5.526E+04  2.662E-12
  19  6.357E+04  1.738E-12
  19  7.309E+04  1.136E-12
  19  8.401E+04  7.430E-13
  19  9.660E+04  4.853E-13
  19  1.111E+05  3.171E-13
  19  1.277E+05  2.072E-13
  19  1.468E+05  1.354E-13
  19  1.688E+05  8.848E-14
  19  1.941E+05  5.783E-14
  19  2.232E+05  3.779E-14
  19  2.566E+05  2.469E-14
  19  2.950E+05  1.613E-14
  19  3.392E+05  1.054E-14
  19  3.900E+05  6.888E-15
  20  4.000E-01  3.734E-04
  20  4.600E-01  4.252E-04
  20  5.288E-01  4.834E-04
  20  6.080E-01  5.488E-04
  20  6.992E-01  6.220E-04
  20  8.036E-01  7.031E-04
  20  9.240E-01  7.933E-04
  20  1.062E+00  8.926E-04
  20  1.222E+00  1.001E-03
  20  1.404E+00  1.120E-03
  20  1.615E+00  1.247E-03
  20  1.857E+00  1.383E-03
  20  2.135E+00  1.527E-03
  20  2.454E+00  1.676E-03
  20  2.822E+00  1.829E-03
  20  3.244E+00  1.984E-03
  20  3.730E+00  2.136E-03
  20  4.288E+00  2.282E-03
  20  4.932E+00  2.417E-03
  20  5.668E+00  2.536E-03
  20  6.520E+00  2.636E-03
  20  7.496E+00  2.710E-03
  20  8.616E+00  2.755E-03
  20  9.908E+00  2.767E-03
  20  1.139E+01  2.744E-03
  20  1.310E+01  2.685E-03
  20  1.506E+01  2.591E-03
  20  1.732E+01  2.465E-03
  20  1.991E+01  2.311E-03
  20  2.289E+01  2.134E-03
  20  2.632E+01  1.941E-03
  20  3.026E+01  1.738E-03
  20  3.479E+01  1.532E-03
  20  4.000E+01  1.329E-03
  20  4.600E+01  1.135E-03
  20  5.288E+01  9.546E-04
  20  6.080E+01  7.907E-04
  20  6.992E+01  6.452E-04
  20  8.036E+01  5.193E-04
  20  9.240E+01  4.120E-04
  20  1.062E+02  3.225E-04
  20  1.222E+02  2.493E-04
  20  1.404E+02  1.905E-04
  20  1.615E+02  1.439E-04
  20  1.857E+02  1.075E-04
  20  2.135E+02  7.959E-05
  20  2.454E+02  5.839E-05
  20  2.822E+02  4.249E-05
  20  3.244E+02  3.069E-05
  20  3.730E+02  2.201E-05
  20  4.288E+02  1.570E-05
  20  4.932E+02  1.112E-05
  20  5.668E+02  7.853E-06
  20  6.520E+02  5.508E-06
  20  7.496E+02  3.853E-06
  20  8.616E+02  2.688E-06
  20  9.908E+02  1.867E-06
  20  1.139E+03  1.293E-06
  20  1.310E+03  8.936E-07
  20  1.506E+03  6.166E-07
  20  1.732E+03  4.244E-07
  20  1.991E+03  2.917E-07
  20  2.289E+03  2.002E-07
  20  2.632E+03  1.372E-07
  20  3.026E+03  9.394E-08
  20  3.479E+03  6.427E-08
  20  4.000E+03  4.391E-08
  20  4.600E+03  2.997E-08
  20  5.288E+03  2.046E-08
  20  6.080E+03  1.395E-08
  20  6.992E+03  9.506E-09
  20  8.036E+03  6.484E-09
  20  9.240E+03  4.416E-09
  20  1.062E+04  3.007E-09
  20  1.222E+04  2.046E-09
  20  1.404E+04  1.393E-09
  20  1.615E+04  9.476E-10
  20  1.857E+04  6.444E-10
  20  2.135E+04  4.384E-10
  20  2.454E+04  2.981E-10
  20  2.822E+04  2.027E-10
  20  3.244E+04  1.378E-10
  20  3.730E+04  9.370E-11
  20  4.288E+04  6.374E-11
  20  4.932E+04  4.328E-11
  20  5.668E+04  2.945E-11
  20  6.520E+04  1.999E-11
  20  7.496E+04  1.359E-11
  20  8.616E+04  9.242E-12
  20  9.908E+04  6.278E-12
  20  1.139E+05  4.266E-12
  20  1.310E+05  2.897E-12
  20  1.506E+05  1.969E-12
  20  1.732E+05  1.338E-12
  20  1.991E+05  9.093E-13
  20  2.289E+05  6.179E-13
  20  2.632E+05  4.198E-13
  20  3.026E+05  2.852E-13
  20  3.479E+05  1.938E-13
  20  4.000E+05  1.317E-13
  21  4.500E-01  7.123E-05
  21  5.175E-01  8.116E-05
  21  5.949E-01  9.231E-05
  21  6.840E-01  1.048E-04
  21  7.866E-01  1.189E-04
  21  9.041E-01  1.345E-04
  21  1.039E+00  1.519E-04
  21  1.195E+00  1.710E-04
  21  1.374E+00  1.921E-04
  21  1.580E+00  2.149E-04
  21  1.817E+00  2.397E-04
  21  2.089E+00  2.662E-04
  21  2.402E+00  2.943E-04
  21  2.761E+00  3.236E-04
  21  3.175E+00  3.539E-04
  21  3.650E+00  3.845E-04
  21  4.197E+00  4.149E-04
  21  4.824E+00  4.442E-04
  21  5.549E+00  4.717E-04
  21  6.376E+00  4.962E-04
  21  7.335E+00  5.170E-04
  21  8.433E+00  5.328E-04
  21  9.693E+00  5.429E-04
  21  1.115E+01  5.465E-04
  21  1.282E+01  5.431E-04
  21  1.474E+01  5.323E-04
  21  1.694E+01  5.143E-04
  21  1.948E+01  4.895E-04
  21  2.240E+01  4.588E-04
  21  2.575E+01  4.231E-04
  21  2.961E+01  3.838E-04
  21  3.404E+01  3.423E-04
  21  3.914E+01  3.002E-04
  21  4.500E+01  2.587E-04
  21  5.175E+01  2.192E-04
  21  5.949E+01  1.826E-04
  21  6.840E+01  1.496E-04
  21  7.866E+01  1.205E-04
  21  9.041E+01  9.562E-05
  21  1.039E+02  7.467E-05
  21  1.195E+02  5.746E-05
  21  1.374E+02  4.361E-05
  21  1.580E+02  3.267E-05
  21  1.817E+02  2.417E-05
  21  2.089E+02  1.768E-05
  21  2.402E+02  1.280E-05
  21  2.761E+02  9.173E-06
  21  3.175E+02  6.517E-06
  21  3.650E+02  4.593E-06
  21  4.197E+02  3.213E-06
  21  4.824E+02  2.235E-06
  21  5.548E+02  1.543E-06
  21  6.377E+02  1.061E-06
  21  7.335E+02  7.251E-07
  21  8.433E+02  4.940E-07
  21  9.693E+02  3.355E-07
  21  1.115E+03  2.268E-07
  21  1.282E+03  1.530E-07
  21  1.474E+03  1.029E-07
  21  1.694E+03  6.906E-08
  21  1.948E+03  4.626E-08
  21  2.240E+03  3.094E-08
  21  2.575E+03  2.066E-08
  21  2.961E+03  1.377E-08
  21  3.404E+03  9.171E-09
  21  3.914E+03  6.103E-09
  21  4.500E+03  4.056E-09
  21  5.175E+03  2.692E-09
  21  5.949E+03  1.788E-09
  21  6.840E+03  1.186E-09
  21  7.866E+03  7.858E-10
  21  9.040E+03  5.214E-10
  21  1.040E+04  3.453E-10
  21  1.195E+04  2.287E-10
  21  1.374E+04  1.513E-10
  21  1.580E+04  1.002E-10
  21  1.817E+04  6.629E-11
  21  2.089E+04  4.384E-11
  21  2.402E+04  2.900E-11
  21  2.761E+04  1.918E-11
  21  3.175E+04  1.269E-11
  21  3.650E+04  8.389E-12
  21  4.197E+04  5.546E-12
  21  4.824E+04  3.669E-12
  21  5.548E+04  2.422E-12
  21  6.376E+04  1.603E-12
  21  7.335E+04  1.058E-12
  21  8.433E+04  6.995E-13
  21  9.693E+04  4.627E-13
  21  1.115E+05  3.056E-13
  21  1.282E+05  2.020E-13
  21  1.474E+05  1.334E-13
  21  1.694E+05  8.818E-14
  21  1.948E+05  5.826E-14
  21  2.240E+05  3.850E-14
  21  2.575E+05  2.545E-14
  21  2.961E+05  1.681E-14
  21  3.404E+05  1.111E-14
  21  3.914E+05  7.341E-15
  21  4.500E+05  4.849E-15
  22  4.800E-01  2.331E-04
  22  5.520E-01  2.655E-04
  22  6.346E-01  3.019E-04
  22  7.296E-01  3.428E-04
  22  8.390E-01  3.887E-04
  22  9.643E-01  4.396E-04
  22  1.109E+00  4.962E-04
  22  1.275E+00  5.586E-04
  22  1.466E+00  6.270E-04
  22  1.685E+00  7.014E-04
  22  1.938E+00  7.818E-04
  22  2.228E+00  8.678E-04
  22  2.562E+00  9.587E-04
  22  2.945E+00  1.054E-03
  22  3.386E+00  1.151E-03
  22  3.893E+00  1.250E-03
  22  4.476E+00  1.347E-03
  22  5.146E+00  1.441E-03
  22  5.918E+00  1.529E-03
  22  6.802E+00  1.606E-03
  22  7.824E+00  1.671E-03
  22  8.995E+00  1.720E-03
  22  1.034E+01  1.750E-03
  22  1.189E+01  1.759E-03
  22  1.367E+01  1.745E-03
  22  1.572E+01  1.708E-03
  22  1.807E+01  1.647E-03
  22  2.078E+01  1.565E-03
  22  2.389E+01  1.463E-03
  22  2.747E+01  1.347E-03
  22  3.158E+01  1.219E-03
  22  3.631E+01  1.085E-03
  22  4.175E+01  9.495E-04
  22  4.800E+01  8.165E-04
  22  5.520E+01  6.901E-04
  22  6.346E+01  5.736E-04
  22  7.296E+01  4.687E-04
  22  8.390E+01  3.766E-04
  22  9.643E+01  2.981E-04
  22  1.109E+02  2.322E-04
  22  1.275E+02  1.782E-04
  22  1.466E+02  1.349E-04
  22  1.685E+02  1.008E-04
  22  1.938E+02  7.437E-05
  22  2.228E+02  5.424E-05
  22  2.562E+02  3.915E-05
  22  2.945E+02  2.799E-05
  22  3.386E+02  1.983E-05
  22  3.893E+02  1.394E-05
  22  4.476E+02  9.726E-06
  22  5.146E+02  6.745E-06
  22  5.918E+02  4.643E-06
  22  6.802E+02  3.186E-06
  22  7.824E+02  2.170E-06
  22  8.995E+02  1.474E-06
  22  1.034E+03  9.987E-07
  22  1.189E+03  6.733E-07
  22  1.367E+03  4.528E-07
  22  1.572E+03  3.036E-07
  22  1.807E+03  2.033E-07
  22  2.078E+03  1.358E-07
  22  2.389E+03  9.056E-08
  22  2.747E+03  6.030E-08
  22  3.158E+03  4.010E-08
  22  3.631E+03  2.662E-08
  22  4.175E+03  1.767E-08
  22  4.800E+03  1.171E-08
  22  5.520E+03  7.751E-09
  22  6.346E+03  5.133E-09
  22  7.296E+03  3.395E-09
  22  8.390E+03  2.243E-09
  22  9.643E+03  1.484E-09
  22  1.109E+04  9.803E-10
  22  1.275E+04  6.473E-10
  22  1.466E+04  4.272E-10
  22  1.685E+04  2.821E-10
  22  1.938E+04  1.861E-10
  22  2.228E+04  1.227E-10
  22  2.562E+04  8.097E-11
  22  2.945E+04  5.341E-11
  22  3.386E+04  3.522E-11
  22  3.893E+04  2.322E-11
  22  4.476E+04  1.531E-11
  22  5.146E+04  1.010E-11
  22  5.918E+04  6.650E-12
  22  6.802E+04  4.389E-12
  22  7.824E+04  2.889E-12
  22  8.995E+04  1.904E-12
  22  1.034E+05  1.256E-12
  22  1.189E+05  8.274E-13
  22  1.367E+05  5.452E-13
  22  1.572E+05  3.591E-13
  22  1.807E+05  2.367E-13
  22  2.078E+05  1.560E-13
  22  2.389E+05  1.028E-13
  22  2.747E+05  6.775E-14
  22  3.158E+05  4.464E-14
  22  3.631E+05  2.940E-14
  22  4.175E+05  1.938E-14
  22  4.800E+05  1.277E-14
  23  5.100E-01  1.201E-04
  23  5.865E-01  1.367E-04
  23  6.742E-01  1.554E-04
  23  7.752E-01  1.763E-04
  23  8.915E-01  1.998E-04
  23  1.025E+00  2.257E-04
  23  1.178E+00  2.545E-04
  23  1.355E+00  2.862E-04
  23  1.558E+00  3.209E-04
  23  1.791E+00  3.585E-04
  23  2.059E+00  3.990E-04
  23  2.367E+00  4.422E-04
  23  2.722E+00  4.875E-04
  23  3.129E+00  5.347E-04
  23  3.598E+00  5.829E-04
  23  4.137E+00  6.312E-04
  23  4.756E+00  6.787E-04
  23  5.467E+00  7.237E-04
  23  6.288E+00  7.653E-04
  23  7.227E+00  8.015E-04
  23  8.313E+00  8.311E-04
  23  9.557E+00  8.523E-04
  23  1.099E+01  8.640E-04
  23  1.263E+01  8.650E-04
  23  1.452E+01  8.549E-04
  23  1.670E+01  8.333E-04
  23  1.920E+01  8.007E-04
  23  2.208E+01  7.580E-04
  23  2.538E+01  7.066E-04
  23  2.918E+01  6.483E-04
  23  3.355E+01  5.853E-04
  23  3.858E+01  5.197E-04
  23  4.435E+01  4.539E-04
  23  5.100E+01  3.899E-04
  23  5.865E+01  3.292E-04
  23  6.742E+01  2.736E-04
  23  7.752E+01  2.236E-04
  23  8.915E+01  1.799E-04
  23  1.025E+02  1.426E-04
  23  1.178E+02  1.113E-04
  23  1.355E+02  8.563E-05
  23  1.558E+02  6.501E-05
  23  1.791E+02  4.874E-05
  23  2.059E+02  3.610E-05
  23  2.367E+02  2.645E-05
  23  2.722E+02  1.918E-05
  23  3.129E+02  1.378E-05
  23  3.598E+02  9.813E-06
  23  4.137E+02  6.935E-06
  23  4.756E+02  4.865E-06
  23  5.467E+02  3.394E-06
  23  6.288E+02  2.350E-06
  23  7.227E+02  1.622E-06
  23  8.313E+02  1.112E-06
  23  9.557E+02  7.603E-07
  23  1.099E+03  5.182E-07
  23  1.263E+03  3.517E-07
  23  1.452E+03  2.381E-07
  23  1.670E+03  1.607E-07
  23  1.920E+03  1.083E-07
  23  2.208E+03  7.282E-08
  23  2.538E+03  4.890E-08
  23  2.918E+03  3.278E-08
  23  3.355E+03  2.194E-08
  23  3.858E+03  1.467E-08
  23  4.435E+03  9.802E-09
  23  5.100E+03  6.541E-09
  23  5.865E+03  4.360E-09
  23  6.742E+03  2.907E-09
  23  7.752E+03  1.936E-09
  23  8.915E+03  1.288E-09
  23  1.025E+04  8.582E-10
  23  1.178E+04  5.708E-10
  23  1.355E+04  3.795E-10
  23  1.558E+04  2.522E-10
  23  1.791E+04  1.677E-10
  23  2.059E+04  1.114E-10
  23  2.367E+04  7.399E-11
  23  2.722E+04  4.915E-11
  23  3.129E+04  3.265E-11
  23  3.598E+04  2.168E-11
  23  4.137E+04  1.440E-11
  23  4.756E+04  9.556E-12
  23  5.467E+04  6.348E-12
  23  6.288E+04  4.209E-12
  23  7.227E+04  2.798E-12
  23  8.313E+04  1.854E-12
  23  9.557E+04  1.231E-12
  23  1.099E+05  8.175E-13
  23  1.263E+05  5.423E-13
  23  1.452E+05  3.598E-13
  23  1.670E+05  2.387E-13
  23  1.920E+05  1.584E-13
  23  2.208E+05  1.051E-13
  23  2.538E+05  6.976E-14
  23  2.918E+05  4.630E-14
  23  3.355E+05  3.072E-14
  23  3.858E+05  2.038E-14
  23  4.435E+05  1.352E-14
  23  5.100E+05  8.972E-15
  24  5.200E-01  2.298E-04
  24  5.980E-01  2.616E-04
  24  6.874E-01  2.973E-04
  24  7.904E-01  3.373E-04
  24  9.090E-01  3.821E-04
  24  1.045E+00  4.317E-04
  24  1.201E+00  4.868E-04
  24  1.381E+00  5.473E-04
  24  1.588E+00  6.135E-04
  24  1.826E+00  6.852E-04
  24  2.099E+00  7.624E-04
  24  2.414E+00  8.446E-04
  24  2.775E+00  9.310E-04
  24  3.191E+00  1.021E-03
  24  3.669E+00  1.112E-03
  24  4.218E+00  1.204E-03
  24  4.850E+00  1.294E-03
  24  5.574E+00  1.379E-03
  24  6.412E+00  1.458E-03
  24  7.368E+00  1.526E-03
  24  8.476E+00  1.581E-03
  24  9.745E+00  1.621E-03
  24  1.120E+01  1.642E-03
  24  1.288E+01  1.643E-03
  24  1.481E+01  1.623E-03
  24  1.703E+01  1.582E-03
  24  1.958E+01  1.519E-03
  24  2.251E+01  1.438E-03
  24  2.588E+01  1.341E-03
  24  2.975E+01  1.231E-03
  24  3.421E+01  1.112E-03
  24  3.934E+01  9.887E-04
  24  4.522E+01  8.647E-04
  24  5.200E+01  7.440E-04
  24  5.980E+01  6.296E-04
  24  6.874E+01  5.246E-04
  24  7.904E+01  4.300E-04
  24  9.090E+01  3.470E-04
  24  1.045E+02  2.761E-04
  24  1.201E+02  2.164E-04
  24  1.381E+02  1.673E-04
  24  1.588E+02  1.276E-04
  24  1.826E+02  9.614E-05
  24  2.099E+02  7.159E-05
  24  2.414E+02  5.273E-05
  24  2.775E+02  3.846E-05
  24  3.191E+02  2.779E-05
  24  3.669E+02  1.991E-05
  24  4.218E+02  1.416E-05
  24  4.850E+02  9.998E-06
  24  5.574E+02  7.019E-06
  24  6.412E+02  4.892E-06
  24  7.368E+02  3.399E-06
  24  8.476E+02  2.346E-06
  24  9.745E+02  1.614E-06
  24  1.120E+03  1.108E-06
  24  1.288E+03  7.569E-07
  24  1.481E+03  5.159E-07
  24  1.703E+03  3.506E-07
  24  1.958E+03  2.379E-07
  24  2.251E+03  1.611E-07
  24  2.588E+03  1.089E-07
  24  2.975E+03  7.351E-08
  24  3.421E+03  4.955E-08
  24  3.934E+03  3.336E-08
  24  4.522E+03  2.244E-08
  24  5.200E+03  1.508E-08
  24  5.980E+03  1.012E-08
  24  6.874E+03  6.796E-09
  24  7.904E+03  4.558E-09
  24  9.090E+03  3.054E-09
  24  1.045E+04  2.049E-09
  24  1.201E+04  1.372E-09
  24  1.381E+04  9.186E-10
  24  1.588E+04  6.148E-10
  24  1.826E+04  4.116E-10
  24  2.099E+04  2.753E-10
  24  2.414E+04  1.841E-10
  24  2.775E+04  1.232E-10
  24  3.191E+04  8.239E-11
  24  3.669E+04  5.509E-11
  24  4.218E+04  3.684E-11
  24  4.850E+04  2.463E-11
  24  5.574E+04  1.647E-11
  24  6.412E+04  1.100E-11
  24  7.368E+04  7.362E-12
  24  8.476E+04  4.914E-12
  24  9.745E+04  3.284E-12
  24  1.120E+05  2.197E-12
  24  1.288E+05  1.467E-12
  24  1.481E+05  9.805E-13
  24  1.703E+05  6.549E-13
  24  1.958E+05  4.378E-13
  24  2.251E+05  2.925E-13
  24  2.588E+05  1.955E-13
  24  2.975E+05  1.306E-13
  24  3.421E+05  8.728E-14
  24  3.934E+05  5.830E-14
  24  4.522E+05  3.897E-14
  24  5.200E+05  2.603E-14
  25  5.500E-01  1.198E-04
  25  6.325E-01  1.363E-04
  25  7.271E-01  1.550E-04
  25  8.360E-01  1.758E-04
  25  9.614E-01  1.992E-04
  25  1.105E+00  2.251E-04
  25  1.270E+00  2.538E-04
  25  1.461E+00  2.854E-04
  25  1.680E+00  3.200E-04
  25  1.931E+00  3.575E-04
  25  2.220E+00  3.978E-04
  25  2.553E+00  4.408E-04
  25  2.935E+00  4.861E-04
  25  3.375E+00  5.330E-04
  25  3.880E+00  5.811E-04
  25  4.461E+00  6.293E-04
  25  5.129E+00  6.766E-04
  25  5.896E+00  7.216E-04
  25  6.782E+00  7.632E-04
  25  7.793E+00  7.995E-04
  25  8.965E+00  8.293E-04
  25  1.031E+01  8.509E-04
  25  1.185E+01  8.630E-04
  25  1.362E+01  8.648E-04
  25  1.566E+01  8.555E-04
  25  1.801E+01  8.349E-04
  25  2.071E+01  8.036E-04
  25  2.381E+01  7.622E-04
  25  2.737E+01  7.122E-04
  25  3.147E+01  6.553E-04
  25  3.618E+01  5.935E-04
  25  4.161E+01  5.290E-04
  25  4.783E+01  4.641E-04
  25  5.500E+01  4.005E-04
  25  6.325E+01  3.401E-04
  25  7.271E+01  2.843E-04
  25  8.360E+01  2.340E-04
  25  9.614E+01  1.896E-04
  25  1.105E+02  1.514E-04
  25  1.270E+02  1.192E-04
  25  1.461E+02  9.256E-05
  25  1.680E+02  7.093E-05
  25  1.931E+02  5.372E-05
  25  2.220E+02  4.021E-05
  25  2.553E+02  2.977E-05
  25  2.935E+02  2.183E-05
  25  3.375E+02  1.586E-05
  25  3.880E+02  1.143E-05
  25  4.461E+02  8.177E-06
  25  5.129E+02  5.807E-06
  25  5.896E+02  4.102E-06
  25  6.781E+02  2.876E-06
  25  7.794E+02  2.011E-06
  25  8.965E+02  1.397E-06
  25  1.031E+03  9.675E-07
  25  1.185E+03  6.683E-07
  25  1.362E+03  4.595E-07
  25  1.566E+03  3.153E-07
  25  1.801E+03  2.157E-07
  25  2.071E+03  1.474E-07
  25  2.381E+03  1.004E-07
  25  2.737E+03  6.836E-08
  25  3.147E+03  4.646E-08
  25  3.618E+03  3.153E-08
  25  4.161E+03  2.137E-08
  25  4.783E+03  1.448E-08
  25  5.500E+03  9.795E-09
  25  6.325E+03  6.620E-09
  25  7.271E+03  4.475E-09
  25  8.360E+03  3.022E-09
  25  9.614E+03  2.039E-09
  25  1.105E+04  1.377E-09
  25  1.270E+04  9.288E-10
  25  1.461E+04  6.262E-10
  25  1.680E+04  4.220E-10
  25  1.931E+04  2.845E-10
  25  2.220E+04  1.917E-10
  25  2.553E+04  1.291E-10
  25  2.935E+04  8.694E-11
  25  3.375E+04  5.856E-11
  25  3.880E+04  3.943E-11
  25  4.461E+04  2.655E-11
  25  5.129E+04  1.787E-11
  25  5.896E+04  1.204E-11
  25  6.782E+04  8.095E-12
  25  7.794E+04  5.456E-12
  25  8.965E+04  3.667E-12
  25  1.031E+05  2.468E-12
  25  1.185E+05  1.662E-12
  25  1.362E+05  1.118E-12
  25  1.566E+05  7.524E-13
  25  1.801E+05  5.061E-13
  25  2.071E+05  3.407E-13
  25  2.381E+05  2.292E-13
  25  2.737E+05  1.542E-13
  25  3.147E+05  1.038E-13
  25  3.618E+05  6.984E-14
  25  4.161E+05  4.698E-14
  25  4.783E+05  3.162E-14
  25  5.500E+05  2.127E-14
  26  5.600E-01  1.217E-03
  26  6.440E-01  1.386E-03
  26  7.403E-01  1.575E-03
  26  8.512E-01  1.788E-03
  26  9.789E-01  2.027E-03
  26  1.125E+00  2.292E-03
  26  1.294E+00  2.585E-03
  26  1.487E+00  2.909E-03
  26  1.710E+00  3.264E-03
  26  1.966E+00  3.649E-03
  26  2.261E+00  4.065E-03
  26  2.600E+00  4.510E-03
  26  2.989E+00  4.978E-03
  26  3.436E+00  5.467E-03
  26  3.951E+00  5.970E-03
  26  4.542E+00  6.477E-03
  26  5.223E+00  6.978E-03
  26  6.003E+00  7.460E-03
  26  6.905E+00  7.910E-03
  26  7.935E+00  8.311E-03
  26  9.128E+00  8.649E-03
  26  1.049E+01  8.908E-03
  26  1.206E+01  9.073E-03
  26  1.387E+01  9.134E-03
  26  1.595E+01  9.084E-03
  26  1.834E+01  8.919E-03
  26  2.108E+01  8.640E-03
  26  2.424E+01  8.256E-03
  26  2.787E+01  7.777E-03
  26  3.204E+01  7.220E-03
  26  3.684E+01  6.605E-03
  26  4.236E+01  5.951E-03
  26  4.870E+01  5.283E-03
  26  5.600E+01  4.618E-03
  26  6.440E+01  3.977E-03
  26  7.403E+01  3.375E-03
  26  8.512E+01  2.822E-03
  26  9.789E+01  2.326E-03
  26  1.125E+02  1.892E-03
  26  1.294E+02  1.518E-03
  26  1.487E+02  1.202E-03
  26  1.710E+02  9.410E-04
  26  1.966E+02  7.283E-04
  26  2.261E+02  5.575E-04
  26  2.600E+02  4.225E-04
  26  2.989E+02  3.173E-04
  26  3.436E+02  2.363E-04
  26  3.951E+02  1.746E-04
  26  4.542E+02  1.281E-04
  26  5.223E+02  9.340E-05
  26  6.003E+02  6.773E-05
  26  6.905E+02  4.879E-05
  26  7.935E+02  3.505E-05
  26  9.128E+02  2.502E-05
  26  1.049E+03  1.781E-05
  26  1.206E+03  1.265E-05
  26  1.387E+03  8.946E-06
  26  1.595E+03  6.313E-06
  26  1.834E+03  4.443E-06
  26  2.108E+03  3.123E-06
  26  2.424E+03  2.190E-06
  26  2.787E+03  1.534E-06
  26  3.204E+03  1.073E-06
  26  3.684E+03  7.494E-07
  26  4.236E+03  5.228E-07
  26  4.870E+03  3.646E-07
  26  5.600E+03  2.539E-07
  26  6.440E+03  1.766E-07
  26  7.403E+03  1.229E-07
  26  8.512E+03  8.548E-08
  26  9.789E+03  5.937E-08
  26  1.125E+04  4.129E-08
  26  1.294E+04  2.867E-08
  26  1.487E+04  1.990E-08
  26  1.710E+04  1.381E-08
  26  1.966E+04  9.585E-09
  26  2.261E+04  6.648E-09
  26  2.600E+04  4.610E-09
  26  2.989E+04  3.198E-09
  26  3.436E+04  2.218E-09
  26  3.951E+04  1.537E-09
  26  4.542E+04  1.066E-09
  26  5.223E+04  7.389E-10
  26  6.003E+04  5.125E-10
  26  6.905E+04  3.549E-10
  26  7.935E+04  2.463E-10
  26  9.128E+04  1.704E-10
  26  1.049E+05  1.181E-10
  26  1.206E+05  8.193E-11
  26  1.387E+05  5.675E-11
  26  1.595E+05  3.932E-11
  26  1.834E+05  2.723E-11
  26  2.108E+05  1.888E-11
  26  2.424E+05  1.308E-11
  26  2.787E+05  9.063E-12
  26  3.204E+05  6.280E-12
  26  3.684E+05  4.351E-12
  26  4.236E+05  3.014E-12
  26  4.870E+05  2.089E-12
  26  5.600E+05  1.447E-12
  27  5.900E-01  7.002E-06
  27  6.785E-01  7.992E-06
  27  7.800E-01  9.108E-06
  27  8.968E-01  1.037E-05
  27  1.031E+00  1.179E-05
  27  1.185E+00  1.338E-05
  27  1.363E+00  1.516E-05
  27  1.567E+00  1.714E-05
  27  1.802E+00  1.933E-05
  27  2.071E+00  2.175E-05
  27  2.382E+00  2.439E-05
  27  2.739E+00  2.726E-05
  27  3.149E+00  3.036E-05
  27  3.620E+00  3.366E-05
  27  4.162E+00  3.714E-05
  27  4.785E+00  4.076E-05
  27  5.502E+00  4.448E-05
  27  6.325E+00  4.821E-05
  27  7.275E+00  5.190E-05
  27  8.360E+00  5.542E-05
  27  9.617E+00  5.869E-05
  27  1.106E+01  6.157E-05
  27  1.271E+01  6.394E-05
  27  1.461E+01  6.570E-05
  27  1.680E+01  6.672E-05
  27  1.932E+01  6.693E-05
  27  2.221E+01  6.627E-05
  27  2.554E+01  6.472E-05
  27  2.936E+01  6.230E-05
  27  3.376E+01  5.909E-05
  27  3.882E+01  5.517E-05
  27  4.463E+01  5.071E-05
  27  5.131E+01  4.586E-05
  27  5.900E+01  4.080E-05
  27  6.785E+01  3.570E-05
  27  7.800E+01  3.074E-05
  27  8.968E+01  2.605E-05
  27  1.031E+02  2.172E-05
  27  1.185E+02  1.785E-05
  27  1.363E+02  1.445E-05
  27  1.567E+02  1.154E-05
  27  1.802E+02  9.086E-06
  27  2.071E+02  7.070E-06
  27  2.382E+02  5.436E-06
  27  2.739E+02  4.135E-06
  27  3.149E+02  3.115E-06
  27  3.620E+02  2.325E-06
  27  4.162E+02  1.721E-06
  27  4.785E+02  1.265E-06
  27  5.502E+02  9.232E-07
  27  6.325E+02  6.701E-07
  27  7.275E+02  4.830E-07
  27  8.360E+02  3.472E-07
  27  9.617E+02  2.479E-07
  27  1.106E+03  1.766E-07
  27  1.271E+03  1.254E-07
  27  1.461E+03  8.870E-08
  27  1.680E+03  6.260E-08
  27  1.932E+03  4.406E-08
  27  2.221E+03  3.097E-08
  27  2.554E+03  2.172E-08
  27  2.936E+03  1.521E-08
  27  3.376E+03  1.064E-08
  27  3.882E+03  7.433E-09
  27  4.463E+03  5.185E-09
  27  5.131E+03  3.616E-09
  27  5.900E+03  2.518E-09
  27  6.785E+03  1.752E-09
  27  7.800E+03  1.219E-09
  27  8.968E+03  8.477E-10
  27  1.031E+04  5.888E-10
  27  1.185E+04  4.095E-10
  27  1.363E+04  2.843E-10
  27  1.567E+04  1.974E-10
  27  1.802E+04  1.369E-10
  27  2.071E+04  9.505E-11
  27  2.382E+04  6.593E-11
  27  2.739E+04  4.572E-11
  27  3.149E+04  3.171E-11
  27  3.620E+04  2.199E-11
  27  4.162E+04  1.525E-11
  27  4.785E+04  1.057E-11
  27  5.502E+04  7.328E-12
  27  6.325E+04  5.083E-12
  27  7.275E+04  3.519E-12
  27  8.360E+04  2.442E-12
  27  9.617E+04  1.690E-12
  27  1.106E+05  1.172E-12
  27  1.271E+05  8.125E-13
  27  1.461E+05  5.627E-13
  27  1.680E+05  3.899E-13
  27  1.932E+05  2.701E-13
  27  2.221E+05  1.872E-13
  27  2.554E+05  1.297E-13
  27  2.936E+05  8.987E-14
  27  3.376E+05  6.228E-14
  27  3.882E+05  4.315E-14
  27  4.463E+05  2.989E-14
  27  5.131E+05  2.071E-14
  27  5.900E+05  1.435E-14
  28  5.900E-01  4.816E-05
  28  6.785E-01  5.491E-05
  28  7.800E-01  6.250E-05
  28  8.968E-01  7.106E-05
  28  1.031E+00  8.066E-05
  28  1.185E+00  9.135E-05
  28  1.363E+00  1.033E-04
  28  1.567E+00  1.165E-04
  28  1.802E+00  1.310E-04
  28  2.071E+00  1.469E-04
  28  2.382E+00  1.642E-04
  28  2.739E+00  1.828E-04
  28  3.149E+00  2.027E-04
  28  3.620E+00  2.236E-04
  28  4.162E+00  2.454E-04
  28  4.785E+00  2.677E-04
  28  5.502E+00  2.902E-04
  28  6.325E+00  3.123E-04
  28  7.275E+00  3.335E-04
  28  8.360E+00  3.531E-04
  28  9.617E+00  3.706E-04
  28  1.106E+01  3.850E-04
  28  1.271E+01  3.958E-04
  28  1.461E+01  4.024E-04
  28  1.680E+01  4.042E-04
  28  1.932E+01  4.009E-04
  28  2.221E+01  3.924E-04
  28  2.554E+01  3.788E-04
  28  2.936E+01  3.606E-04
  28  3.376E+01  3.382E-04
  28  3.882E+01  3.124E-04
  28  4.463E+01  2.842E-04
  28  5.131E+01  2.546E-04
  28  5.900E+01  2.245E-04
  28  6.785E+01  1.948E-04
  28  7.800E+01  1.665E-04
  28  8.968E+01  1.402E-04
  28  1.031E+02  1.162E-04
  28  1.185E+02  9.505E-05
  28  1.363E+02  7.661E-05
  28  1.567E+02  6.094E-05
  28  1.802E+02  4.786E-05
  28  2.071E+02  3.715E-05
  28  2.382E+02  2.852E-05
  28  2.739E+02  2.166E-05
  28  3.149E+02  1.630E-05
  28  3.620E+02  1.216E-05
  28  4.162E+02  8.994E-06
  28  4.785E+02  6.607E-06
  28  5.502E+02  4.820E-06
  28  6.325E+02  3.498E-06
  28  7.275E+02  2.521E-06
  28  8.360E+02  1.812E-06
  28  9.617E+02  1.294E-06
  28  1.106E+03  9.218E-07
  28  1.271E+03  6.548E-07
  28  1.461E+03  4.632E-07
  28  1.680E+03  3.269E-07
  28  1.932E+03  2.301E-07
  28  2.221E+03  1.618E-07
  28  2.554E+03  1.135E-07
  28  2.936E+03  7.948E-08
  28  3.376E+03  5.560E-08
  28  3.882E+03  3.884E-08
  28  4.463E+03  2.709E-08
  28  5.131E+03  1.889E-08
  28  5.900E+03  1.316E-08
  28  6.785E+03  9.156E-09
  28  7.800E+03  6.373E-09
  28  8.968E+03  4.431E-09
  28  1.031E+04  3.078E-09
  28  1.185E+04  2.140E-09
  28  1.363E+04  1.486E-09
  28  1.567E+04  1.032E-09
  28  1.802E+04  7.159E-10
  28  2.071E+04  4.969E-10
  28  2.382E+04  3.447E-10
  28  2.739E+04  2.390E-10
  28  3.149E+04  1.658E-10
  28  3.620E+04  1.150E-10
  28  4.162E+04  7.971E-11
  28  4.785E+04  5.527E-11
  28  5.502E+04  3.831E-11
  28  6.325E+04  2.657E-11
  28  7.275E+04  1.840E-11
  28  8.360E+04  1.277E-11
  28  9.617E+04  8.837E-12
  28  1.106E+05  6.125E-12
  28  1.271E+05  4.248E-12
  28  1.461E+05  2.942E-12
  28  1.680E+05  2.039E-12
  28  1.932E+05  1.412E-12
  28  2.221E+05  9.787E-13
  28  2.554E+05  6.780E-13
  28  2.936E+05  4.699E-13
  28  3.376E+05  3.256E-13
  28  3.882E+05  2.256E-13
  28  4.463E+05  1.563E-13
  28  5.131E+05  1.083E-13
  28  5.900E+05  7.502E-14
